{"/Users/ekanshsinghal/Desktop/CSC510/edu-setu-group26-proj2/code/ui/src/App.jsx": {"path":"/Users/ekanshsinghal/Desktop/CSC510/edu-setu-group26-proj2/code/ui/src/App.jsx","statementMap":{"0":{"start":{"line":9,"column":1},"end":{"line":28,"column":3}}},"fnMap":{"0":{"name":"App","decl":{"start":{"line":8,"column":24},"end":{"line":8,"column":27}},"loc":{"start":{"line":8,"column":30},"end":{"line":29,"column":1}},"line":8}},"branchMap":{"0":{"loc":{"start":{"line":16,"column":6},"end":{"line":24,"column":6}},"type":"cond-expr","locations":[{"start":{"line":17,"column":6},"end":{"line":21,"column":7}},{"start":{"line":23,"column":6},"end":{"line":23,"column":29}}],"line":16},"1":{"loc":{"start":{"line":17,"column":6},"end":{"line":21,"column":7}},"type":"cond-expr","locations":[{"start":{"line":18,"column":7},"end":{"line":18,"column":34}},{"start":{"line":20,"column":7},"end":{"line":20,"column":32}}],"line":17}},"s":{"0":1},"f":{"0":1},"b":{"0":[0,1],"1":[0,0]},"_coverageSchema":"1a1c01bbd47fc00a2c39e90264f33305004495a9","hash":"0f3411df17083fc5df96ca650a2dea149484f954"}
,"/Users/ekanshsinghal/Desktop/CSC510/edu-setu-group26-proj2/code/ui/src/config.js": {"path":"/Users/ekanshsinghal/Desktop/CSC510/edu-setu-group26-proj2/code/ui/src/config.js","statementMap":{"0":{"start":{"line":1,"column":15},"end":{"line":4,"column":1}}},"fnMap":{},"branchMap":{},"s":{"0":9},"f":{},"b":{},"_coverageSchema":"1a1c01bbd47fc00a2c39e90264f33305004495a9","hash":"065d45ab0ca97374502ca2e571c3ef374e82f2c4"}
,"/Users/ekanshsinghal/Desktop/CSC510/edu-setu-group26-proj2/code/ui/src/index.js": {"path":"/Users/ekanshsinghal/Desktop/CSC510/edu-setu-group26-proj2/code/ui/src/index.js","statementMap":{"0":{"start":{"line":7,"column":13},"end":{"line":7,"column":65}},"1":{"start":{"line":8,"column":0},"end":{"line":12,"column":2}},"2":{"start":{"line":17,"column":0},"end":{"line":17,"column":18}}},"fnMap":{},"branchMap":{},"s":{"0":0,"1":0,"2":0},"f":{},"b":{}}
,"/Users/ekanshsinghal/Desktop/CSC510/edu-setu-group26-proj2/code/ui/src/reportWebVitals.js": {"path":"/Users/ekanshsinghal/Desktop/CSC510/edu-setu-group26-proj2/code/ui/src/reportWebVitals.js","statementMap":{"0":{"start":{"line":1,"column":24},"end":{"line":11,"column":1}},"1":{"start":{"line":2,"column":2},"end":{"line":10,"column":3}},"2":{"start":{"line":3,"column":4},"end":{"line":9,"column":7}},"3":{"start":{"line":4,"column":6},"end":{"line":4,"column":26}},"4":{"start":{"line":5,"column":6},"end":{"line":5,"column":26}},"5":{"start":{"line":6,"column":6},"end":{"line":6,"column":26}},"6":{"start":{"line":7,"column":6},"end":{"line":7,"column":26}},"7":{"start":{"line":8,"column":6},"end":{"line":8,"column":27}}},"fnMap":{"0":{"name":"(anonymous_0)","decl":{"start":{"line":1,"column":24},"end":{"line":1,"column":25}},"loc":{"start":{"line":1,"column":39},"end":{"line":11,"column":1}},"line":1},"1":{"name":"(anonymous_1)","decl":{"start":{"line":3,"column":30},"end":{"line":3,"column":31}},"loc":{"start":{"line":3,"column":79},"end":{"line":9,"column":5}},"line":3}},"branchMap":{"0":{"loc":{"start":{"line":2,"column":2},"end":{"line":10,"column":3}},"type":"if","locations":[{"start":{"line":2,"column":2},"end":{"line":10,"column":3}},{"start":{},"end":{}}],"line":2},"1":{"loc":{"start":{"line":2,"column":6},"end":{"line":2,"column":52}},"type":"binary-expr","locations":[{"start":{"line":2,"column":6},"end":{"line":2,"column":17}},{"start":{"line":2,"column":21},"end":{"line":2,"column":52}}],"line":2}},"s":{"0":0,"1":0,"2":0,"3":0,"4":0,"5":0,"6":0,"7":0},"f":{"0":0,"1":0},"b":{"0":[0,0],"1":[0,0]}}
,"/Users/ekanshsinghal/Desktop/CSC510/edu-setu-group26-proj2/code/ui/src/Components/Home/Home.js": {"path":"/Users/ekanshsinghal/Desktop/CSC510/edu-setu-group26-proj2/code/ui/src/Components/Home/Home.js","statementMap":{"0":{"start":{"line":17,"column":28},"end":{"line":17,"column":34}},"1":{"start":{"line":20,"column":9},"end":{"line":20,"column":29}},"2":{"start":{"line":22,"column":15},"end":{"line":22,"column":60}},"3":{"start":{"line":22,"column":22},"end":{"line":22,"column":60}},"4":{"start":{"line":24,"column":12},"end":{"line":28,"column":2}},"5":{"start":{"line":25,"column":2},"end":{"line":25,"column":23}},"6":{"start":{"line":26,"column":2},"end":{"line":26,"column":54}},"7":{"start":{"line":27,"column":2},"end":{"line":27,"column":35}},"8":{"start":{"line":30,"column":13},"end":{"line":41,"column":2}},"9":{"start":{"line":31,"column":2},"end":{"line":40,"column":3}},"10":{"start":{"line":33,"column":4},"end":{"line":33,"column":28}},"11":{"start":{"line":35,"column":4},"end":{"line":35,"column":23}},"12":{"start":{"line":37,"column":4},"end":{"line":37,"column":27}},"13":{"start":{"line":39,"column":4},"end":{"line":39,"column":24}},"14":{"start":{"line":44,"column":2},"end":{"line":99,"column":4}}},"fnMap":{"0":{"name":"(anonymous_0)","decl":{"start":{"line":22,"column":15},"end":{"line":22,"column":16}},"loc":{"start":{"line":22,"column":22},"end":{"line":22,"column":60}},"line":22},"1":{"name":"(anonymous_1)","decl":{"start":{"line":24,"column":12},"end":{"line":24,"column":13}},"loc":{"start":{"line":24,"column":18},"end":{"line":28,"column":2}},"line":24},"2":{"name":"(anonymous_2)","decl":{"start":{"line":30,"column":13},"end":{"line":30,"column":14}},"loc":{"start":{"line":30,"column":19},"end":{"line":41,"column":2}},"line":30},"3":{"name":"(anonymous_3)","decl":{"start":{"line":43,"column":1},"end":{"line":43,"column":2}},"loc":{"start":{"line":43,"column":10},"end":{"line":100,"column":2}},"line":43}},"branchMap":{"0":{"loc":{"start":{"line":31,"column":2},"end":{"line":40,"column":3}},"type":"switch","locations":[{"start":{"line":32,"column":3},"end":{"line":33,"column":28}},{"start":{"line":34,"column":3},"end":{"line":35,"column":23}},{"start":{"line":36,"column":3},"end":{"line":37,"column":27}},{"start":{"line":38,"column":3},"end":{"line":39,"column":24}}],"line":31}},"s":{"0":2,"1":1,"2":1,"3":0,"4":1,"5":0,"6":0,"7":0,"8":1,"9":1,"10":0,"11":0,"12":0,"13":1,"14":1},"f":{"0":0,"1":0,"2":1,"3":1},"b":{"0":[0,0,0,1]},"_coverageSchema":"1a1c01bbd47fc00a2c39e90264f33305004495a9","hash":"9624b47a560c647a6dd5c62d55b9bf55fc5ede67"}
,"/Users/ekanshsinghal/Desktop/CSC510/edu-setu-group26-proj2/code/ui/src/Components/Login/Login.jsx": {"path":"/Users/ekanshsinghal/Desktop/CSC510/edu-setu-group26-proj2/code/ui/src/Components/Login/Login.jsx","statementMap":{"0":{"start":{"line":6,"column":19},"end":{"line":6,"column":25}},"1":{"start":{"line":9,"column":9},"end":{"line":14,"column":2}},"2":{"start":{"line":16,"column":11},"end":{"line":16,"column":28}},"3":{"start":{"line":17,"column":19},"end":{"line":17,"column":36}},"4":{"start":{"line":19,"column":16},"end":{"line":19,"column":67}},"5":{"start":{"line":19,"column":26},"end":{"line":19,"column":67}},"6":{"start":{"line":21,"column":19},"end":{"line":21,"column":58}},"7":{"start":{"line":21,"column":25},"end":{"line":21,"column":58}},"8":{"start":{"line":23,"column":14},"end":{"line":46,"column":2}},"9":{"start":{"line":24,"column":2},"end":{"line":24,"column":50}},"10":{"start":{"line":25,"column":12},"end":{"line":25,"column":40}},"11":{"start":{"line":26,"column":2},"end":{"line":45,"column":37}},"12":{"start":{"line":34,"column":18},"end":{"line":34,"column":28}},"13":{"start":{"line":36,"column":4},"end":{"line":42,"column":5}},"14":{"start":{"line":37,"column":5},"end":{"line":37,"column":40}},"15":{"start":{"line":38,"column":5},"end":{"line":38,"column":82}},"16":{"start":{"line":40,"column":5},"end":{"line":40,"column":34}},"17":{"start":{"line":41,"column":5},"end":{"line":41,"column":49}},"18":{"start":{"line":43,"column":4},"end":{"line":43,"column":53}},"19":{"start":{"line":45,"column":19},"end":{"line":45,"column":35}},"20":{"start":{"line":48,"column":11},"end":{"line":88,"column":2}},"21":{"start":{"line":49,"column":2},"end":{"line":49,"column":43}},"22":{"start":{"line":50,"column":12},"end":{"line":50,"column":37}},"23":{"start":{"line":51,"column":2},"end":{"line":87,"column":6}},"24":{"start":{"line":59,"column":18},"end":{"line":59,"column":28}},"25":{"start":{"line":61,"column":4},"end":{"line":72,"column":5}},"26":{"start":{"line":62,"column":5},"end":{"line":62,"column":42}},"27":{"start":{"line":63,"column":5},"end":{"line":63,"column":46}},"28":{"start":{"line":64,"column":5},"end":{"line":64,"column":56}},"29":{"start":{"line":65,"column":5},"end":{"line":65,"column":70}},"30":{"start":{"line":66,"column":5},"end":{"line":66,"column":54}},"31":{"start":{"line":67,"column":5},"end":{"line":67,"column":60}},"32":{"start":{"line":69,"column":5},"end":{"line":69,"column":47}},"33":{"start":{"line":70,"column":5},"end":{"line":70,"column":37}},"34":{"start":{"line":71,"column":5},"end":{"line":71,"column":41}},"35":{"start":{"line":73,"column":4},"end":{"line":73,"column":46}},"36":{"start":{"line":75,"column":19},"end":{"line":75,"column":35}},"37":{"start":{"line":77,"column":4},"end":{"line":86,"column":5}},"38":{"start":{"line":81,"column":5},"end":{"line":85,"column":78}},"39":{"start":{"line":82,"column":6},"end":{"line":82,"column":44}},"40":{"start":{"line":83,"column":10},"end":{"line":85,"column":78}},"41":{"start":{"line":84,"column":6},"end":{"line":84,"column":47}},"42":{"start":{"line":85,"column":10},"end":{"line":85,"column":78}},"43":{"start":{"line":91,"column":2},"end":{"line":336,"column":4}},"44":{"start":{"line":226,"column":32},"end":{"line":238,"column":9}},"45":{"start":{"line":228,"column":10},"end":{"line":230,"column":11}},"46":{"start":{"line":229,"column":11},"end":{"line":229,"column":36}},"47":{"start":{"line":232,"column":10},"end":{"line":236,"column":12}},"48":{"start":{"line":311,"column":8},"end":{"line":311,"column":52}},"49":{"start":{"line":320,"column":8},"end":{"line":320,"column":43}}},"fnMap":{"0":{"name":"(anonymous_0)","decl":{"start":{"line":19,"column":16},"end":{"line":19,"column":17}},"loc":{"start":{"line":19,"column":26},"end":{"line":19,"column":67}},"line":19},"1":{"name":"(anonymous_1)","decl":{"start":{"line":21,"column":19},"end":{"line":21,"column":20}},"loc":{"start":{"line":21,"column":25},"end":{"line":21,"column":58}},"line":21},"2":{"name":"(anonymous_2)","decl":{"start":{"line":23,"column":14},"end":{"line":23,"column":15}},"loc":{"start":{"line":23,"column":26},"end":{"line":46,"column":2}},"line":23},"3":{"name":"(anonymous_3)","decl":{"start":{"line":34,"column":9},"end":{"line":34,"column":10}},"loc":{"start":{"line":34,"column":18},"end":{"line":34,"column":28}},"line":34},"4":{"name":"(anonymous_4)","decl":{"start":{"line":35,"column":9},"end":{"line":35,"column":10}},"loc":{"start":{"line":35,"column":23},"end":{"line":44,"column":4}},"line":35},"5":{"name":"(anonymous_5)","decl":{"start":{"line":45,"column":10},"end":{"line":45,"column":11}},"loc":{"start":{"line":45,"column":19},"end":{"line":45,"column":35}},"line":45},"6":{"name":"(anonymous_6)","decl":{"start":{"line":48,"column":11},"end":{"line":48,"column":12}},"loc":{"start":{"line":48,"column":23},"end":{"line":88,"column":2}},"line":48},"7":{"name":"(anonymous_7)","decl":{"start":{"line":59,"column":9},"end":{"line":59,"column":10}},"loc":{"start":{"line":59,"column":18},"end":{"line":59,"column":28}},"line":59},"8":{"name":"(anonymous_8)","decl":{"start":{"line":60,"column":9},"end":{"line":60,"column":10}},"loc":{"start":{"line":60,"column":23},"end":{"line":74,"column":4}},"line":60},"9":{"name":"(anonymous_9)","decl":{"start":{"line":75,"column":10},"end":{"line":75,"column":11}},"loc":{"start":{"line":75,"column":19},"end":{"line":75,"column":35}},"line":75},"10":{"name":"(anonymous_10)","decl":{"start":{"line":76,"column":12},"end":{"line":76,"column":13}},"loc":{"start":{"line":76,"column":18},"end":{"line":87,"column":4}},"line":76},"11":{"name":"(anonymous_11)","decl":{"start":{"line":90,"column":1},"end":{"line":90,"column":2}},"loc":{"start":{"line":90,"column":10},"end":{"line":337,"column":2}},"line":90},"12":{"name":"(anonymous_12)","decl":{"start":{"line":226,"column":8},"end":{"line":226,"column":9}},"loc":{"start":{"line":226,"column":32},"end":{"line":238,"column":9}},"line":226},"13":{"name":"(anonymous_13)","decl":{"start":{"line":227,"column":9},"end":{"line":227,"column":10}},"loc":{"start":{"line":227,"column":29},"end":{"line":237,"column":10}},"line":227},"14":{"name":"(anonymous_14)","decl":{"start":{"line":310,"column":16},"end":{"line":310,"column":17}},"loc":{"start":{"line":310,"column":22},"end":{"line":312,"column":8}},"line":310},"15":{"name":"(anonymous_15)","decl":{"start":{"line":319,"column":16},"end":{"line":319,"column":17}},"loc":{"start":{"line":319,"column":22},"end":{"line":321,"column":8}},"line":319}},"branchMap":{"0":{"loc":{"start":{"line":36,"column":4},"end":{"line":42,"column":5}},"type":"if","locations":[{"start":{"line":36,"column":4},"end":{"line":42,"column":5}},{"start":{"line":39,"column":11},"end":{"line":42,"column":5}}],"line":36},"1":{"loc":{"start":{"line":61,"column":4},"end":{"line":72,"column":5}},"type":"if","locations":[{"start":{"line":61,"column":4},"end":{"line":72,"column":5}},{"start":{"line":68,"column":11},"end":{"line":72,"column":5}}],"line":61},"2":{"loc":{"start":{"line":77,"column":4},"end":{"line":86,"column":5}},"type":"if","locations":[{"start":{"line":77,"column":4},"end":{"line":86,"column":5}},{"start":{},"end":{}}],"line":77},"3":{"loc":{"start":{"line":78,"column":5},"end":{"line":79,"column":48}},"type":"binary-expr","locations":[{"start":{"line":78,"column":5},"end":{"line":78,"column":46}},{"start":{"line":79,"column":5},"end":{"line":79,"column":48}}],"line":78},"4":{"loc":{"start":{"line":81,"column":5},"end":{"line":85,"column":78}},"type":"if","locations":[{"start":{"line":81,"column":5},"end":{"line":85,"column":78}},{"start":{"line":83,"column":10},"end":{"line":85,"column":78}}],"line":81},"5":{"loc":{"start":{"line":83,"column":10},"end":{"line":85,"column":78}},"type":"if","locations":[{"start":{"line":83,"column":10},"end":{"line":85,"column":78}},{"start":{"line":85,"column":10},"end":{"line":85,"column":78}}],"line":83},"6":{"loc":{"start":{"line":228,"column":10},"end":{"line":230,"column":11}},"type":"if","locations":[{"start":{"line":228,"column":10},"end":{"line":230,"column":11}},{"start":{},"end":{}}],"line":228},"7":{"loc":{"start":{"line":228,"column":14},"end":{"line":228,"column":59}},"type":"binary-expr","locations":[{"start":{"line":228,"column":14},"end":{"line":228,"column":20}},{"start":{"line":228,"column":24},"end":{"line":228,"column":59}}],"line":228},"8":{"loc":{"start":{"line":267,"column":7},"end":{"line":306,"column":7}},"type":"cond-expr","locations":[{"start":{"line":268,"column":7},"end":{"line":268,"column":12}},{"start":{"line":269,"column":10},"end":{"line":306,"column":7}}],"line":267},"9":{"loc":{"start":{"line":269,"column":10},"end":{"line":306,"column":7}},"type":"cond-expr","locations":[{"start":{"line":270,"column":7},"end":{"line":286,"column":10}},{"start":{"line":288,"column":7},"end":{"line":305,"column":10}}],"line":269}},"s":{"0":2,"1":2,"2":2,"3":2,"4":2,"5":0,"6":2,"7":0,"8":2,"9":0,"10":0,"11":0,"12":0,"13":0,"14":0,"15":0,"16":0,"17":0,"18":0,"19":0,"20":2,"21":0,"22":0,"23":0,"24":0,"25":0,"26":0,"27":0,"28":0,"29":0,"30":0,"31":0,"32":0,"33":0,"34":0,"35":0,"36":0,"37":0,"38":0,"39":0,"40":0,"41":0,"42":0,"43":2,"44":0,"45":0,"46":0,"47":0,"48":0,"49":0},"f":{"0":0,"1":0,"2":0,"3":0,"4":0,"5":0,"6":0,"7":0,"8":0,"9":0,"10":0,"11":2,"12":0,"13":0,"14":0,"15":0},"b":{"0":[0,0],"1":[0,0],"2":[0,0],"3":[0,0],"4":[0,0],"5":[0,0],"6":[0,0],"7":[0,0],"8":[2,0],"9":[0,0]},"_coverageSchema":"1a1c01bbd47fc00a2c39e90264f33305004495a9","hash":"f61155954f6fc7c4d5740f916f77746d3de2c493"}
,"/Users/ekanshsinghal/Desktop/CSC510/edu-setu-group26-proj2/code/ui/src/Components/ProfessorDashboard/AddNewPosting.jsx": {"path":"/Users/ekanshsinghal/Desktop/CSC510/edu-setu-group26-proj2/code/ui/src/Components/ProfessorDashboard/AddNewPosting.jsx","statementMap":{"0":{"start":{"line":4,"column":19},"end":{"line":4,"column":25}},"1":{"start":{"line":7,"column":22},"end":{"line":12,"column":2}},"2":{"start":{"line":8,"column":2},"end":{"line":11,"column":5}},"3":{"start":{"line":9,"column":3},"end":{"line":9,"column":54}},"4":{"start":{"line":10,"column":3},"end":{"line":10,"column":39}},"5":{"start":{"line":15,"column":2},"end":{"line":101,"column":4}},"6":{"start":{"line":97,"column":39},"end":{"line":97,"column":80}}},"fnMap":{"0":{"name":"(anonymous_0)","decl":{"start":{"line":7,"column":22},"end":{"line":7,"column":23}},"loc":{"start":{"line":7,"column":28},"end":{"line":12,"column":2}},"line":7},"1":{"name":"(anonymous_1)","decl":{"start":{"line":8,"column":51},"end":{"line":8,"column":52}},"loc":{"start":{"line":8,"column":63},"end":{"line":11,"column":3}},"line":8},"2":{"name":"(anonymous_2)","decl":{"start":{"line":14,"column":1},"end":{"line":14,"column":2}},"loc":{"start":{"line":14,"column":10},"end":{"line":102,"column":2}},"line":14},"3":{"name":"(anonymous_3)","decl":{"start":{"line":97,"column":33},"end":{"line":97,"column":34}},"loc":{"start":{"line":97,"column":39},"end":{"line":97,"column":80}},"line":97}},"branchMap":{},"s":{"0":3,"1":1,"2":0,"3":0,"4":0,"5":1,"6":0},"f":{"0":0,"1":0,"2":1,"3":0},"b":{},"_coverageSchema":"1a1c01bbd47fc00a2c39e90264f33305004495a9","hash":"48b35abd11d99b583b09d0db403d5c0cbeaf5709"}
,"/Users/ekanshsinghal/Desktop/CSC510/edu-setu-group26-proj2/code/ui/src/Components/ProfessorDashboard/Applications.jsx": {"path":"/Users/ekanshsinghal/Desktop/CSC510/edu-setu-group26-proj2/code/ui/src/Components/ProfessorDashboard/Applications.jsx","statementMap":{"0":{"start":{"line":9,"column":21},"end":{"line":15,"column":1}},"1":{"start":{"line":18,"column":11},"end":{"line":18,"column":28}},"2":{"start":{"line":19,"column":17},"end":{"line":19,"column":34}},"3":{"start":{"line":21,"column":9},"end":{"line":31,"column":2}},"4":{"start":{"line":33,"column":15},"end":{"line":33,"column":60}},"5":{"start":{"line":33,"column":21},"end":{"line":33,"column":60}},"6":{"start":{"line":35,"column":11},"end":{"line":35,"column":50}},"7":{"start":{"line":35,"column":17},"end":{"line":35,"column":50}},"8":{"start":{"line":37,"column":21},"end":{"line":37,"column":89}},"9":{"start":{"line":37,"column":33},"end":{"line":37,"column":89}},"10":{"start":{"line":39,"column":21},"end":{"line":84,"column":2}},"11":{"start":{"line":40,"column":2},"end":{"line":40,"column":35}},"12":{"start":{"line":41,"column":12},"end":{"line":41,"column":62}},"13":{"start":{"line":42,"column":17},"end":{"line":42,"column":26}},"14":{"start":{"line":43,"column":2},"end":{"line":67,"column":37}},"15":{"start":{"line":53,"column":18},"end":{"line":53,"column":28}},"16":{"start":{"line":55,"column":4},"end":{"line":64,"column":5}},"17":{"start":{"line":56,"column":5},"end":{"line":60,"column":7}},"18":{"start":{"line":57,"column":6},"end":{"line":59,"column":7}},"19":{"start":{"line":58,"column":7},"end":{"line":58,"column":44}},"20":{"start":{"line":61,"column":5},"end":{"line":61,"column":73}},"21":{"start":{"line":63,"column":5},"end":{"line":63,"column":37}},"22":{"start":{"line":65,"column":4},"end":{"line":65,"column":38}},"23":{"start":{"line":67,"column":19},"end":{"line":67,"column":35}},"24":{"start":{"line":68,"column":2},"end":{"line":68,"column":34}},"25":{"start":{"line":69,"column":15},"end":{"line":78,"column":3}},"26":{"start":{"line":71,"column":4},"end":{"line":76,"column":37}},"27":{"start":{"line":75,"column":20},"end":{"line":75,"column":30}},"28":{"start":{"line":76,"column":21},"end":{"line":76,"column":36}},"29":{"start":{"line":79,"column":18},"end":{"line":79,"column":20}},"30":{"start":{"line":80,"column":2},"end":{"line":82,"column":3}},"31":{"start":{"line":80,"column":15},"end":{"line":80,"column":16}},"32":{"start":{"line":81,"column":3},"end":{"line":81,"column":34}},"33":{"start":{"line":83,"column":2},"end":{"line":83,"column":29}},"34":{"start":{"line":87,"column":2},"end":{"line":87,"column":27}},"35":{"start":{"line":90,"column":23},"end":{"line":91,"column":69}},"36":{"start":{"line":91,"column":2},"end":{"line":91,"column":69}},"37":{"start":{"line":94,"column":2},"end":{"line":212,"column":4}},"38":{"start":{"line":101,"column":21},"end":{"line":101,"column":43}},"39":{"start":{"line":117,"column":26},"end":{"line":117,"column":48}},"40":{"start":{"line":131,"column":27},"end":{"line":131,"column":68}},"41":{"start":{"line":142,"column":8},"end":{"line":146,"column":10}},"42":{"start":{"line":153,"column":8},"end":{"line":161,"column":9}},"43":{"start":{"line":168,"column":8},"end":{"line":174,"column":16}},"44":{"start":{"line":172,"column":25},"end":{"line":172,"column":57}},"45":{"start":{"line":198,"column":7},"end":{"line":200,"column":16}},"46":{"start":{"line":198,"column":30},"end":{"line":198,"column":60}},"47":{"start":{"line":208,"column":26},"end":{"line":208,"column":80}}},"fnMap":{"0":{"name":"(anonymous_0)","decl":{"start":{"line":33,"column":15},"end":{"line":33,"column":16}},"loc":{"start":{"line":33,"column":21},"end":{"line":33,"column":60}},"line":33},"1":{"name":"(anonymous_1)","decl":{"start":{"line":35,"column":11},"end":{"line":35,"column":12}},"loc":{"start":{"line":35,"column":17},"end":{"line":35,"column":50}},"line":35},"2":{"name":"(anonymous_2)","decl":{"start":{"line":37,"column":21},"end":{"line":37,"column":22}},"loc":{"start":{"line":37,"column":33},"end":{"line":37,"column":89}},"line":37},"3":{"name":"(anonymous_3)","decl":{"start":{"line":39,"column":21},"end":{"line":39,"column":22}},"loc":{"start":{"line":39,"column":33},"end":{"line":84,"column":2}},"line":39},"4":{"name":"(anonymous_4)","decl":{"start":{"line":53,"column":9},"end":{"line":53,"column":10}},"loc":{"start":{"line":53,"column":18},"end":{"line":53,"column":28}},"line":53},"5":{"name":"(anonymous_5)","decl":{"start":{"line":54,"column":9},"end":{"line":54,"column":10}},"loc":{"start":{"line":54,"column":23},"end":{"line":66,"column":4}},"line":54},"6":{"name":"(anonymous_6)","decl":{"start":{"line":56,"column":23},"end":{"line":56,"column":24}},"loc":{"start":{"line":57,"column":6},"end":{"line":59,"column":7}},"line":57},"7":{"name":"(anonymous_7)","decl":{"start":{"line":57,"column":35},"end":{"line":57,"column":36}},"loc":{"start":{"line":58,"column":7},"end":{"line":58,"column":44}},"line":58},"8":{"name":"(anonymous_8)","decl":{"start":{"line":67,"column":10},"end":{"line":67,"column":11}},"loc":{"start":{"line":67,"column":19},"end":{"line":67,"column":35}},"line":67},"9":{"name":"(anonymous_9)","decl":{"start":{"line":70,"column":16},"end":{"line":70,"column":17}},"loc":{"start":{"line":71,"column":4},"end":{"line":76,"column":37}},"line":71},"10":{"name":"(anonymous_10)","decl":{"start":{"line":75,"column":11},"end":{"line":75,"column":12}},"loc":{"start":{"line":75,"column":20},"end":{"line":75,"column":30}},"line":75},"11":{"name":"(anonymous_11)","decl":{"start":{"line":76,"column":11},"end":{"line":76,"column":12}},"loc":{"start":{"line":76,"column":21},"end":{"line":76,"column":36}},"line":76},"12":{"name":"(anonymous_12)","decl":{"start":{"line":86,"column":1},"end":{"line":86,"column":2}},"loc":{"start":{"line":86,"column":21},"end":{"line":88,"column":2}},"line":86},"13":{"name":"(anonymous_13)","decl":{"start":{"line":90,"column":23},"end":{"line":90,"column":24}},"loc":{"start":{"line":91,"column":2},"end":{"line":91,"column":69}},"line":91},"14":{"name":"(anonymous_14)","decl":{"start":{"line":93,"column":1},"end":{"line":93,"column":2}},"loc":{"start":{"line":93,"column":10},"end":{"line":213,"column":2}},"line":93},"15":{"name":"(anonymous_15)","decl":{"start":{"line":101,"column":15},"end":{"line":101,"column":16}},"loc":{"start":{"line":101,"column":21},"end":{"line":101,"column":43}},"line":101},"16":{"name":"(anonymous_16)","decl":{"start":{"line":117,"column":14},"end":{"line":117,"column":15}},"loc":{"start":{"line":117,"column":26},"end":{"line":117,"column":48}},"line":117},"17":{"name":"(anonymous_17)","decl":{"start":{"line":131,"column":15},"end":{"line":131,"column":16}},"loc":{"start":{"line":131,"column":27},"end":{"line":131,"column":68}},"line":131},"18":{"name":"(anonymous_18)","decl":{"start":{"line":141,"column":15},"end":{"line":141,"column":16}},"loc":{"start":{"line":141,"column":27},"end":{"line":147,"column":8}},"line":141},"19":{"name":"(anonymous_19)","decl":{"start":{"line":152,"column":15},"end":{"line":152,"column":16}},"loc":{"start":{"line":153,"column":8},"end":{"line":161,"column":9}},"line":153},"20":{"name":"(anonymous_20)","decl":{"start":{"line":167,"column":15},"end":{"line":167,"column":16}},"loc":{"start":{"line":168,"column":8},"end":{"line":174,"column":16}},"line":168},"21":{"name":"(anonymous_21)","decl":{"start":{"line":172,"column":19},"end":{"line":172,"column":20}},"loc":{"start":{"line":172,"column":25},"end":{"line":172,"column":57}},"line":172},"22":{"name":"(anonymous_22)","decl":{"start":{"line":197,"column":14},"end":{"line":197,"column":15}},"loc":{"start":{"line":198,"column":7},"end":{"line":200,"column":16}},"line":198},"23":{"name":"(anonymous_23)","decl":{"start":{"line":198,"column":24},"end":{"line":198,"column":25}},"loc":{"start":{"line":198,"column":30},"end":{"line":198,"column":60}},"line":198},"24":{"name":"(anonymous_24)","decl":{"start":{"line":208,"column":14},"end":{"line":208,"column":15}},"loc":{"start":{"line":208,"column":26},"end":{"line":208,"column":80}},"line":208}},"branchMap":{"0":{"loc":{"start":{"line":55,"column":4},"end":{"line":64,"column":5}},"type":"if","locations":[{"start":{"line":55,"column":4},"end":{"line":64,"column":5}},{"start":{"line":62,"column":11},"end":{"line":64,"column":5}}],"line":55},"1":{"loc":{"start":{"line":153,"column":8},"end":{"line":161,"column":9}},"type":"binary-expr","locations":[{"start":{"line":153,"column":8},"end":{"line":153,"column":50}},{"start":{"line":154,"column":9},"end":{"line":160,"column":18}}],"line":153}},"s":{"0":3,"1":1,"2":1,"3":1,"4":1,"5":0,"6":1,"7":0,"8":1,"9":0,"10":1,"11":1,"12":1,"13":1,"14":1,"15":0,"16":0,"17":0,"18":0,"19":0,"20":0,"21":0,"22":0,"23":0,"24":0,"25":0,"26":0,"27":0,"28":0,"29":0,"30":0,"31":0,"32":0,"33":0,"34":1,"35":1,"36":0,"37":2,"38":0,"39":0,"40":0,"41":0,"42":0,"43":0,"44":0,"45":0,"46":0,"47":0},"f":{"0":0,"1":0,"2":0,"3":1,"4":0,"5":0,"6":0,"7":0,"8":0,"9":0,"10":0,"11":0,"12":1,"13":0,"14":2,"15":0,"16":0,"17":0,"18":0,"19":0,"20":0,"21":0,"22":0,"23":0,"24":0},"b":{"0":[0,0],"1":[0,0]},"_coverageSchema":"1a1c01bbd47fc00a2c39e90264f33305004495a9","hash":"f096463dd0e6545ee9fcd4453371824540366753"}
,"/Users/ekanshsinghal/Desktop/CSC510/edu-setu-group26-proj2/code/ui/src/Components/ProfessorDashboard/Postings.jsx": {"path":"/Users/ekanshsinghal/Desktop/CSC510/edu-setu-group26-proj2/code/ui/src/Components/ProfessorDashboard/Postings.jsx","statementMap":{"0":{"start":{"line":16,"column":11},"end":{"line":16,"column":28}},"1":{"start":{"line":17,"column":17},"end":{"line":17,"column":34}},"2":{"start":{"line":19,"column":9},"end":{"line":28,"column":2}},"3":{"start":{"line":30,"column":12},"end":{"line":37,"column":2}},"4":{"start":{"line":31,"column":19},"end":{"line":31,"column":29}},"5":{"start":{"line":32,"column":20},"end":{"line":32,"column":39}},"6":{"start":{"line":33,"column":17},"end":{"line":35,"column":4}},"7":{"start":{"line":34,"column":3},"end":{"line":34,"column":72}},"8":{"start":{"line":36,"column":2},"end":{"line":36,"column":44}},"9":{"start":{"line":39,"column":18},"end":{"line":39,"column":81}},"10":{"start":{"line":39,"column":26},"end":{"line":39,"column":80}},"11":{"start":{"line":41,"column":11},"end":{"line":41,"column":72}},"12":{"start":{"line":41,"column":17},"end":{"line":41,"column":72}},"13":{"start":{"line":43,"column":16},"end":{"line":43,"column":54}},"14":{"start":{"line":43,"column":22},"end":{"line":43,"column":54}},"15":{"start":{"line":45,"column":22},"end":{"line":45,"column":93}},"16":{"start":{"line":45,"column":28},"end":{"line":45,"column":93}},"17":{"start":{"line":47,"column":17},"end":{"line":70,"column":2}},"18":{"start":{"line":48,"column":2},"end":{"line":48,"column":35}},"19":{"start":{"line":49,"column":12},"end":{"line":49,"column":61}},"20":{"start":{"line":50,"column":2},"end":{"line":69,"column":37}},"21":{"start":{"line":60,"column":18},"end":{"line":60,"column":28}},"22":{"start":{"line":62,"column":4},"end":{"line":66,"column":5}},"23":{"start":{"line":63,"column":5},"end":{"line":63,"column":73}},"24":{"start":{"line":65,"column":5},"end":{"line":65,"column":37}},"25":{"start":{"line":67,"column":4},"end":{"line":67,"column":38}},"26":{"start":{"line":69,"column":19},"end":{"line":69,"column":35}},"27":{"start":{"line":73,"column":2},"end":{"line":73,"column":23}},"28":{"start":{"line":76,"column":20},"end":{"line":100,"column":2}},"29":{"start":{"line":77,"column":2},"end":{"line":77,"column":45}},"30":{"start":{"line":78,"column":12},"end":{"line":78,"column":43}},"31":{"start":{"line":79,"column":2},"end":{"line":99,"column":37}},"32":{"start":{"line":87,"column":18},"end":{"line":87,"column":28}},"33":{"start":{"line":89,"column":4},"end":{"line":96,"column":5}},"34":{"start":{"line":90,"column":5},"end":{"line":90,"column":39}},"35":{"start":{"line":91,"column":5},"end":{"line":91,"column":36}},"36":{"start":{"line":92,"column":5},"end":{"line":92,"column":26}},"37":{"start":{"line":94,"column":5},"end":{"line":94,"column":37}},"38":{"start":{"line":95,"column":5},"end":{"line":95,"column":49}},"39":{"start":{"line":97,"column":4},"end":{"line":97,"column":48}},"40":{"start":{"line":99,"column":19},"end":{"line":99,"column":35}},"41":{"start":{"line":102,"column":23},"end":{"line":126,"column":2}},"42":{"start":{"line":103,"column":2},"end":{"line":103,"column":45}},"43":{"start":{"line":104,"column":12},"end":{"line":104,"column":46}},"44":{"start":{"line":105,"column":2},"end":{"line":125,"column":37}},"45":{"start":{"line":113,"column":18},"end":{"line":113,"column":28}},"46":{"start":{"line":115,"column":4},"end":{"line":122,"column":5}},"47":{"start":{"line":116,"column":5},"end":{"line":116,"column":45}},"48":{"start":{"line":117,"column":5},"end":{"line":117,"column":36}},"49":{"start":{"line":118,"column":5},"end":{"line":118,"column":26}},"50":{"start":{"line":120,"column":5},"end":{"line":120,"column":37}},"51":{"start":{"line":121,"column":5},"end":{"line":121,"column":49}},"52":{"start":{"line":123,"column":4},"end":{"line":123,"column":48}},"53":{"start":{"line":125,"column":19},"end":{"line":125,"column":35}},"54":{"start":{"line":128,"column":12},"end":{"line":128,"column":82}},"55":{"start":{"line":128,"column":24},"end":{"line":128,"column":82}},"56":{"start":{"line":130,"column":19},"end":{"line":152,"column":2}},"57":{"start":{"line":131,"column":2},"end":{"line":131,"column":48}},"58":{"start":{"line":132,"column":12},"end":{"line":132,"column":46}},"59":{"start":{"line":133,"column":2},"end":{"line":151,"column":37}},"60":{"start":{"line":141,"column":18},"end":{"line":141,"column":28}},"61":{"start":{"line":143,"column":4},"end":{"line":148,"column":5}},"62":{"start":{"line":144,"column":5},"end":{"line":144,"column":36}},"63":{"start":{"line":145,"column":5},"end":{"line":145,"column":26}},"64":{"start":{"line":147,"column":5},"end":{"line":147,"column":37}},"65":{"start":{"line":149,"column":4},"end":{"line":149,"column":51}},"66":{"start":{"line":151,"column":19},"end":{"line":151,"column":35}},"67":{"start":{"line":155,"column":2},"end":{"line":235,"column":4}},"68":{"start":{"line":209,"column":7},"end":{"line":230,"column":15}},"69":{"start":{"line":215,"column":25},"end":{"line":215,"column":46}},"70":{"start":{"line":221,"column":26},"end":{"line":221,"column":54}}},"fnMap":{"0":{"name":"(anonymous_0)","decl":{"start":{"line":30,"column":12},"end":{"line":30,"column":13}},"loc":{"start":{"line":30,"column":23},"end":{"line":37,"column":2}},"line":30},"1":{"name":"(anonymous_1)","decl":{"start":{"line":33,"column":29},"end":{"line":33,"column":30}},"loc":{"start":{"line":33,"column":39},"end":{"line":35,"column":3}},"line":33},"2":{"name":"(anonymous_2)","decl":{"start":{"line":39,"column":18},"end":{"line":39,"column":19}},"loc":{"start":{"line":39,"column":26},"end":{"line":39,"column":80}},"line":39},"3":{"name":"(anonymous_3)","decl":{"start":{"line":41,"column":11},"end":{"line":41,"column":12}},"loc":{"start":{"line":41,"column":17},"end":{"line":41,"column":72}},"line":41},"4":{"name":"(anonymous_4)","decl":{"start":{"line":43,"column":16},"end":{"line":43,"column":17}},"loc":{"start":{"line":43,"column":22},"end":{"line":43,"column":54}},"line":43},"5":{"name":"(anonymous_5)","decl":{"start":{"line":45,"column":22},"end":{"line":45,"column":23}},"loc":{"start":{"line":45,"column":28},"end":{"line":45,"column":93}},"line":45},"6":{"name":"(anonymous_6)","decl":{"start":{"line":47,"column":17},"end":{"line":47,"column":18}},"loc":{"start":{"line":47,"column":23},"end":{"line":70,"column":2}},"line":47},"7":{"name":"(anonymous_7)","decl":{"start":{"line":60,"column":9},"end":{"line":60,"column":10}},"loc":{"start":{"line":60,"column":18},"end":{"line":60,"column":28}},"line":60},"8":{"name":"(anonymous_8)","decl":{"start":{"line":61,"column":9},"end":{"line":61,"column":10}},"loc":{"start":{"line":61,"column":23},"end":{"line":68,"column":4}},"line":61},"9":{"name":"(anonymous_9)","decl":{"start":{"line":69,"column":10},"end":{"line":69,"column":11}},"loc":{"start":{"line":69,"column":19},"end":{"line":69,"column":35}},"line":69},"10":{"name":"(anonymous_10)","decl":{"start":{"line":72,"column":1},"end":{"line":72,"column":2}},"loc":{"start":{"line":72,"column":21},"end":{"line":74,"column":2}},"line":72},"11":{"name":"(anonymous_11)","decl":{"start":{"line":76,"column":20},"end":{"line":76,"column":21}},"loc":{"start":{"line":76,"column":30},"end":{"line":100,"column":2}},"line":76},"12":{"name":"(anonymous_12)","decl":{"start":{"line":87,"column":9},"end":{"line":87,"column":10}},"loc":{"start":{"line":87,"column":18},"end":{"line":87,"column":28}},"line":87},"13":{"name":"(anonymous_13)","decl":{"start":{"line":88,"column":9},"end":{"line":88,"column":10}},"loc":{"start":{"line":88,"column":23},"end":{"line":98,"column":4}},"line":88},"14":{"name":"(anonymous_14)","decl":{"start":{"line":99,"column":10},"end":{"line":99,"column":11}},"loc":{"start":{"line":99,"column":19},"end":{"line":99,"column":35}},"line":99},"15":{"name":"(anonymous_15)","decl":{"start":{"line":102,"column":23},"end":{"line":102,"column":24}},"loc":{"start":{"line":102,"column":33},"end":{"line":126,"column":2}},"line":102},"16":{"name":"(anonymous_16)","decl":{"start":{"line":113,"column":9},"end":{"line":113,"column":10}},"loc":{"start":{"line":113,"column":18},"end":{"line":113,"column":28}},"line":113},"17":{"name":"(anonymous_17)","decl":{"start":{"line":114,"column":9},"end":{"line":114,"column":10}},"loc":{"start":{"line":114,"column":23},"end":{"line":124,"column":4}},"line":114},"18":{"name":"(anonymous_18)","decl":{"start":{"line":125,"column":10},"end":{"line":125,"column":11}},"loc":{"start":{"line":125,"column":19},"end":{"line":125,"column":35}},"line":125},"19":{"name":"(anonymous_19)","decl":{"start":{"line":128,"column":12},"end":{"line":128,"column":13}},"loc":{"start":{"line":128,"column":24},"end":{"line":128,"column":82}},"line":128},"20":{"name":"(anonymous_20)","decl":{"start":{"line":130,"column":19},"end":{"line":130,"column":20}},"loc":{"start":{"line":130,"column":29},"end":{"line":152,"column":2}},"line":130},"21":{"name":"(anonymous_21)","decl":{"start":{"line":141,"column":9},"end":{"line":141,"column":10}},"loc":{"start":{"line":141,"column":18},"end":{"line":141,"column":28}},"line":141},"22":{"name":"(anonymous_22)","decl":{"start":{"line":142,"column":9},"end":{"line":142,"column":10}},"loc":{"start":{"line":142,"column":23},"end":{"line":150,"column":4}},"line":142},"23":{"name":"(anonymous_23)","decl":{"start":{"line":151,"column":10},"end":{"line":151,"column":11}},"loc":{"start":{"line":151,"column":19},"end":{"line":151,"column":35}},"line":151},"24":{"name":"(anonymous_24)","decl":{"start":{"line":154,"column":1},"end":{"line":154,"column":2}},"loc":{"start":{"line":154,"column":10},"end":{"line":236,"column":2}},"line":154},"25":{"name":"(anonymous_25)","decl":{"start":{"line":208,"column":14},"end":{"line":208,"column":15}},"loc":{"start":{"line":209,"column":7},"end":{"line":230,"column":15}},"line":209},"26":{"name":"(anonymous_26)","decl":{"start":{"line":215,"column":19},"end":{"line":215,"column":20}},"loc":{"start":{"line":215,"column":25},"end":{"line":215,"column":46}},"line":215},"27":{"name":"(anonymous_27)","decl":{"start":{"line":221,"column":20},"end":{"line":221,"column":21}},"loc":{"start":{"line":221,"column":26},"end":{"line":221,"column":54}},"line":221}},"branchMap":{"0":{"loc":{"start":{"line":34,"column":10},"end":{"line":34,"column":71}},"type":"cond-expr","locations":[{"start":{"line":34,"column":59},"end":{"line":34,"column":63}},{"start":{"line":34,"column":66},"end":{"line":34,"column":71}}],"line":34},"1":{"loc":{"start":{"line":39,"column":26},"end":{"line":39,"column":80}},"type":"cond-expr","locations":[{"start":{"line":39,"column":56},"end":{"line":39,"column":73}},{"start":{"line":39,"column":76},"end":{"line":39,"column":80}}],"line":39},"2":{"loc":{"start":{"line":62,"column":4},"end":{"line":66,"column":5}},"type":"if","locations":[{"start":{"line":62,"column":4},"end":{"line":66,"column":5}},{"start":{"line":64,"column":11},"end":{"line":66,"column":5}}],"line":62},"3":{"loc":{"start":{"line":89,"column":4},"end":{"line":96,"column":5}},"type":"if","locations":[{"start":{"line":89,"column":4},"end":{"line":96,"column":5}},{"start":{"line":93,"column":11},"end":{"line":96,"column":5}}],"line":89},"4":{"loc":{"start":{"line":115,"column":4},"end":{"line":122,"column":5}},"type":"if","locations":[{"start":{"line":115,"column":4},"end":{"line":122,"column":5}},{"start":{"line":119,"column":11},"end":{"line":122,"column":5}}],"line":115},"5":{"loc":{"start":{"line":143,"column":4},"end":{"line":148,"column":5}},"type":"if","locations":[{"start":{"line":143,"column":4},"end":{"line":148,"column":5}},{"start":{"line":146,"column":11},"end":{"line":148,"column":5}}],"line":143}},"s":{"0":2,"1":2,"2":2,"3":2,"4":0,"5":0,"6":0,"7":0,"8":0,"9":2,"10":0,"11":2,"12":0,"13":2,"14":0,"15":2,"16":0,"17":2,"18":2,"19":2,"20":2,"21":0,"22":0,"23":0,"24":0,"25":0,"26":0,"27":2,"28":2,"29":0,"30":0,"31":0,"32":0,"33":0,"34":0,"35":0,"36":0,"37":0,"38":0,"39":0,"40":0,"41":2,"42":0,"43":0,"44":0,"45":0,"46":0,"47":0,"48":0,"49":0,"50":0,"51":0,"52":0,"53":0,"54":2,"55":0,"56":2,"57":0,"58":0,"59":0,"60":0,"61":0,"62":0,"63":0,"64":0,"65":0,"66":0,"67":4,"68":0,"69":0,"70":0},"f":{"0":0,"1":0,"2":0,"3":0,"4":0,"5":0,"6":2,"7":0,"8":0,"9":0,"10":2,"11":0,"12":0,"13":0,"14":0,"15":0,"16":0,"17":0,"18":0,"19":0,"20":0,"21":0,"22":0,"23":0,"24":4,"25":0,"26":0,"27":0},"b":{"0":[0,0],"1":[0,0],"2":[0,0],"3":[0,0],"4":[0,0],"5":[0,0]},"_coverageSchema":"1a1c01bbd47fc00a2c39e90264f33305004495a9","hash":"36e42b3842617601f142b867363f38e858f7794b"}
,"/Users/ekanshsinghal/Desktop/CSC510/edu-setu-group26-proj2/code/ui/src/Components/ProfessorDashboard/Profile.jsx": {"path":"/Users/ekanshsinghal/Desktop/CSC510/edu-setu-group26-proj2/code/ui/src/Components/ProfessorDashboard/Profile.jsx","statementMap":{"0":{"start":{"line":6,"column":23},"end":{"line":15,"column":1}},"1":{"start":{"line":16,"column":27},"end":{"line":27,"column":1}},"2":{"start":{"line":30,"column":11},"end":{"line":30,"column":28}},"3":{"start":{"line":31,"column":9},"end":{"line":36,"column":2}},"4":{"start":{"line":38,"column":20},"end":{"line":63,"column":2}},"5":{"start":{"line":39,"column":14},"end":{"line":39,"column":50}},"6":{"start":{"line":40,"column":2},"end":{"line":62,"column":77}},"7":{"start":{"line":45,"column":18},"end":{"line":45,"column":28}},"8":{"start":{"line":47,"column":4},"end":{"line":60,"column":5}},"9":{"start":{"line":48,"column":5},"end":{"line":56,"column":8}},"10":{"start":{"line":57,"column":5},"end":{"line":57,"column":45}},"11":{"start":{"line":59,"column":5},"end":{"line":59,"column":40}},"12":{"start":{"line":62,"column":18},"end":{"line":62,"column":75}},"13":{"start":{"line":66,"column":2},"end":{"line":66,"column":26}},"14":{"start":{"line":69,"column":12},"end":{"line":90,"column":2}},"15":{"start":{"line":70,"column":2},"end":{"line":70,"column":35}},"16":{"start":{"line":71,"column":12},"end":{"line":71,"column":44}},"17":{"start":{"line":72,"column":2},"end":{"line":89,"column":5}},"18":{"start":{"line":73,"column":3},"end":{"line":88,"column":54}},"19":{"start":{"line":78,"column":19},"end":{"line":78,"column":29}},"20":{"start":{"line":80,"column":5},"end":{"line":85,"column":6}},"21":{"start":{"line":81,"column":6},"end":{"line":81,"column":40}},"22":{"start":{"line":82,"column":6},"end":{"line":82,"column":30}},"23":{"start":{"line":84,"column":6},"end":{"line":84,"column":38}},"24":{"start":{"line":87,"column":20},"end":{"line":87,"column":36}},"25":{"start":{"line":88,"column":19},"end":{"line":88,"column":52}},"26":{"start":{"line":93,"column":2},"end":{"line":222,"column":4}},"27":{"start":{"line":99,"column":22},"end":{"line":99,"column":38}},"28":{"start":{"line":113,"column":23},"end":{"line":113,"column":61}},"29":{"start":{"line":130,"column":23},"end":{"line":130,"column":61}},"30":{"start":{"line":170,"column":23},"end":{"line":170,"column":61}},"31":{"start":{"line":176,"column":23},"end":{"line":176,"column":61}},"32":{"start":{"line":182,"column":23},"end":{"line":182,"column":61}}},"fnMap":{"0":{"name":"(anonymous_0)","decl":{"start":{"line":38,"column":20},"end":{"line":38,"column":21}},"loc":{"start":{"line":38,"column":26},"end":{"line":63,"column":2}},"line":38},"1":{"name":"(anonymous_1)","decl":{"start":{"line":45,"column":9},"end":{"line":45,"column":10}},"loc":{"start":{"line":45,"column":18},"end":{"line":45,"column":28}},"line":45},"2":{"name":"(anonymous_2)","decl":{"start":{"line":46,"column":9},"end":{"line":46,"column":10}},"loc":{"start":{"line":46,"column":23},"end":{"line":61,"column":4}},"line":46},"3":{"name":"(anonymous_3)","decl":{"start":{"line":62,"column":12},"end":{"line":62,"column":13}},"loc":{"start":{"line":62,"column":18},"end":{"line":62,"column":75}},"line":62},"4":{"name":"(anonymous_4)","decl":{"start":{"line":65,"column":1},"end":{"line":65,"column":2}},"loc":{"start":{"line":65,"column":21},"end":{"line":67,"column":2}},"line":65},"5":{"name":"(anonymous_5)","decl":{"start":{"line":69,"column":12},"end":{"line":69,"column":13}},"loc":{"start":{"line":69,"column":18},"end":{"line":90,"column":2}},"line":69},"6":{"name":"(anonymous_6)","decl":{"start":{"line":72,"column":45},"end":{"line":72,"column":46}},"loc":{"start":{"line":72,"column":57},"end":{"line":89,"column":3}},"line":72},"7":{"name":"(anonymous_7)","decl":{"start":{"line":78,"column":10},"end":{"line":78,"column":11}},"loc":{"start":{"line":78,"column":19},"end":{"line":78,"column":29}},"line":78},"8":{"name":"(anonymous_8)","decl":{"start":{"line":79,"column":10},"end":{"line":79,"column":11}},"loc":{"start":{"line":79,"column":24},"end":{"line":86,"column":5}},"line":79},"9":{"name":"(anonymous_9)","decl":{"start":{"line":87,"column":11},"end":{"line":87,"column":12}},"loc":{"start":{"line":87,"column":20},"end":{"line":87,"column":36}},"line":87},"10":{"name":"(anonymous_10)","decl":{"start":{"line":88,"column":13},"end":{"line":88,"column":14}},"loc":{"start":{"line":88,"column":19},"end":{"line":88,"column":52}},"line":88},"11":{"name":"(anonymous_11)","decl":{"start":{"line":92,"column":1},"end":{"line":92,"column":2}},"loc":{"start":{"line":92,"column":10},"end":{"line":223,"column":2}},"line":92},"12":{"name":"(anonymous_12)","decl":{"start":{"line":99,"column":15},"end":{"line":99,"column":16}},"loc":{"start":{"line":99,"column":22},"end":{"line":99,"column":38}},"line":99},"13":{"name":"(anonymous_13)","decl":{"start":{"line":113,"column":17},"end":{"line":113,"column":18}},"loc":{"start":{"line":113,"column":23},"end":{"line":113,"column":61}},"line":113},"14":{"name":"(anonymous_14)","decl":{"start":{"line":130,"column":17},"end":{"line":130,"column":18}},"loc":{"start":{"line":130,"column":23},"end":{"line":130,"column":61}},"line":130},"15":{"name":"(anonymous_15)","decl":{"start":{"line":170,"column":17},"end":{"line":170,"column":18}},"loc":{"start":{"line":170,"column":23},"end":{"line":170,"column":61}},"line":170},"16":{"name":"(anonymous_16)","decl":{"start":{"line":176,"column":17},"end":{"line":176,"column":18}},"loc":{"start":{"line":176,"column":23},"end":{"line":176,"column":61}},"line":176},"17":{"name":"(anonymous_17)","decl":{"start":{"line":182,"column":17},"end":{"line":182,"column":18}},"loc":{"start":{"line":182,"column":23},"end":{"line":182,"column":61}},"line":182}},"branchMap":{"0":{"loc":{"start":{"line":47,"column":4},"end":{"line":60,"column":5}},"type":"if","locations":[{"start":{"line":47,"column":4},"end":{"line":60,"column":5}},{"start":{"line":58,"column":11},"end":{"line":60,"column":5}}],"line":47},"1":{"loc":{"start":{"line":80,"column":5},"end":{"line":85,"column":6}},"type":"if","locations":[{"start":{"line":80,"column":5},"end":{"line":85,"column":6}},{"start":{"line":83,"column":12},"end":{"line":85,"column":6}}],"line":80},"2":{"loc":{"start":{"line":214,"column":17},"end":{"line":214,"column":65}},"type":"binary-expr","locations":[{"start":{"line":214,"column":17},"end":{"line":214,"column":43}},{"start":{"line":214,"column":47},"end":{"line":214,"column":65}}],"line":214}},"s":{"0":3,"1":3,"2":1,"3":1,"4":1,"5":1,"6":1,"7":0,"8":0,"9":0,"10":0,"11":0,"12":0,"13":1,"14":1,"15":0,"16":0,"17":0,"18":0,"19":0,"20":0,"21":0,"22":0,"23":0,"24":0,"25":0,"26":1,"27":0,"28":0,"29":0,"30":0,"31":0,"32":0},"f":{"0":1,"1":0,"2":0,"3":0,"4":1,"5":0,"6":0,"7":0,"8":0,"9":0,"10":0,"11":1,"12":0,"13":0,"14":0,"15":0,"16":0,"17":0},"b":{"0":[0,0],"1":[0,0],"2":[1,0]},"_coverageSchema":"1a1c01bbd47fc00a2c39e90264f33305004495a9","hash":"d86efba0fcd7130e7ae429210a558939528583af"}
,"/Users/ekanshsinghal/Desktop/CSC510/edu-setu-group26-proj2/code/ui/src/Components/ProfessorDashboard/Shortlisted.jsx": {"path":"/Users/ekanshsinghal/Desktop/CSC510/edu-setu-group26-proj2/code/ui/src/Components/ProfessorDashboard/Shortlisted.jsx","statementMap":{"0":{"start":{"line":8,"column":21},"end":{"line":14,"column":1}},"1":{"start":{"line":17,"column":11},"end":{"line":17,"column":28}},"2":{"start":{"line":18,"column":17},"end":{"line":18,"column":34}},"3":{"start":{"line":20,"column":9},"end":{"line":29,"column":2}},"4":{"start":{"line":31,"column":15},"end":{"line":31,"column":60}},"5":{"start":{"line":31,"column":21},"end":{"line":31,"column":60}},"6":{"start":{"line":33,"column":11},"end":{"line":33,"column":50}},"7":{"start":{"line":33,"column":17},"end":{"line":33,"column":50}},"8":{"start":{"line":35,"column":21},"end":{"line":35,"column":89}},"9":{"start":{"line":35,"column":33},"end":{"line":35,"column":89}},"10":{"start":{"line":37,"column":21},"end":{"line":67,"column":2}},"11":{"start":{"line":38,"column":2},"end":{"line":38,"column":35}},"12":{"start":{"line":39,"column":12},"end":{"line":39,"column":62}},"13":{"start":{"line":40,"column":2},"end":{"line":66,"column":37}},"14":{"start":{"line":50,"column":18},"end":{"line":50,"column":28}},"15":{"start":{"line":52,"column":4},"end":{"line":63,"column":5}},"16":{"start":{"line":53,"column":18},"end":{"line":53,"column":20}},"17":{"start":{"line":54,"column":5},"end":{"line":59,"column":7}},"18":{"start":{"line":55,"column":6},"end":{"line":58,"column":8}},"19":{"start":{"line":56,"column":7},"end":{"line":56,"column":64}},"20":{"start":{"line":56,"column":49},"end":{"line":56,"column":64}},"21":{"start":{"line":57,"column":7},"end":{"line":57,"column":19}},"22":{"start":{"line":60,"column":5},"end":{"line":60,"column":55}},"23":{"start":{"line":62,"column":5},"end":{"line":62,"column":37}},"24":{"start":{"line":64,"column":4},"end":{"line":64,"column":38}},"25":{"start":{"line":66,"column":19},"end":{"line":66,"column":35}},"26":{"start":{"line":70,"column":2},"end":{"line":70,"column":27}},"27":{"start":{"line":73,"column":23},"end":{"line":74,"column":69}},"28":{"start":{"line":74,"column":2},"end":{"line":74,"column":69}},"29":{"start":{"line":76,"column":27},"end":{"line":101,"column":2}},"30":{"start":{"line":77,"column":2},"end":{"line":77,"column":52}},"31":{"start":{"line":78,"column":12},"end":{"line":78,"column":50}},"32":{"start":{"line":79,"column":2},"end":{"line":100,"column":37}},"33":{"start":{"line":87,"column":18},"end":{"line":87,"column":28}},"34":{"start":{"line":89,"column":4},"end":{"line":97,"column":5}},"35":{"start":{"line":90,"column":5},"end":{"line":90,"column":45}},"36":{"start":{"line":91,"column":5},"end":{"line":91,"column":36}},"37":{"start":{"line":92,"column":5},"end":{"line":92,"column":30}},"38":{"start":{"line":93,"column":5},"end":{"line":93,"column":20}},"39":{"start":{"line":95,"column":5},"end":{"line":95,"column":37}},"40":{"start":{"line":96,"column":5},"end":{"line":96,"column":47}},"41":{"start":{"line":98,"column":4},"end":{"line":98,"column":55}},"42":{"start":{"line":100,"column":19},"end":{"line":100,"column":35}},"43":{"start":{"line":104,"column":2},"end":{"line":203,"column":4}},"44":{"start":{"line":123,"column":26},"end":{"line":123,"column":40}},"45":{"start":{"line":137,"column":27},"end":{"line":137,"column":68}},"46":{"start":{"line":148,"column":8},"end":{"line":152,"column":10}},"47":{"start":{"line":159,"column":8},"end":{"line":165,"column":16}},"48":{"start":{"line":163,"column":25},"end":{"line":163,"column":57}},"49":{"start":{"line":189,"column":7},"end":{"line":191,"column":16}},"50":{"start":{"line":189,"column":30},"end":{"line":189,"column":60}},"51":{"start":{"line":199,"column":26},"end":{"line":199,"column":80}}},"fnMap":{"0":{"name":"(anonymous_0)","decl":{"start":{"line":31,"column":15},"end":{"line":31,"column":16}},"loc":{"start":{"line":31,"column":21},"end":{"line":31,"column":60}},"line":31},"1":{"name":"(anonymous_1)","decl":{"start":{"line":33,"column":11},"end":{"line":33,"column":12}},"loc":{"start":{"line":33,"column":17},"end":{"line":33,"column":50}},"line":33},"2":{"name":"(anonymous_2)","decl":{"start":{"line":35,"column":21},"end":{"line":35,"column":22}},"loc":{"start":{"line":35,"column":33},"end":{"line":35,"column":89}},"line":35},"3":{"name":"(anonymous_3)","decl":{"start":{"line":37,"column":21},"end":{"line":37,"column":22}},"loc":{"start":{"line":37,"column":27},"end":{"line":67,"column":2}},"line":37},"4":{"name":"(anonymous_4)","decl":{"start":{"line":50,"column":9},"end":{"line":50,"column":10}},"loc":{"start":{"line":50,"column":18},"end":{"line":50,"column":28}},"line":50},"5":{"name":"(anonymous_5)","decl":{"start":{"line":51,"column":9},"end":{"line":51,"column":10}},"loc":{"start":{"line":51,"column":23},"end":{"line":65,"column":4}},"line":51},"6":{"name":"(anonymous_6)","decl":{"start":{"line":54,"column":23},"end":{"line":54,"column":24}},"loc":{"start":{"line":55,"column":6},"end":{"line":58,"column":8}},"line":55},"7":{"name":"(anonymous_7)","decl":{"start":{"line":55,"column":27},"end":{"line":55,"column":28}},"loc":{"start":{"line":55,"column":44},"end":{"line":58,"column":7}},"line":55},"8":{"name":"(anonymous_8)","decl":{"start":{"line":66,"column":10},"end":{"line":66,"column":11}},"loc":{"start":{"line":66,"column":19},"end":{"line":66,"column":35}},"line":66},"9":{"name":"(anonymous_9)","decl":{"start":{"line":69,"column":1},"end":{"line":69,"column":2}},"loc":{"start":{"line":69,"column":21},"end":{"line":71,"column":2}},"line":69},"10":{"name":"(anonymous_10)","decl":{"start":{"line":73,"column":23},"end":{"line":73,"column":24}},"loc":{"start":{"line":74,"column":2},"end":{"line":74,"column":69}},"line":74},"11":{"name":"(anonymous_11)","decl":{"start":{"line":76,"column":27},"end":{"line":76,"column":28}},"loc":{"start":{"line":76,"column":44},"end":{"line":101,"column":2}},"line":76},"12":{"name":"(anonymous_12)","decl":{"start":{"line":87,"column":9},"end":{"line":87,"column":10}},"loc":{"start":{"line":87,"column":18},"end":{"line":87,"column":28}},"line":87},"13":{"name":"(anonymous_13)","decl":{"start":{"line":88,"column":9},"end":{"line":88,"column":10}},"loc":{"start":{"line":88,"column":23},"end":{"line":99,"column":4}},"line":88},"14":{"name":"(anonymous_14)","decl":{"start":{"line":100,"column":10},"end":{"line":100,"column":11}},"loc":{"start":{"line":100,"column":19},"end":{"line":100,"column":35}},"line":100},"15":{"name":"(anonymous_15)","decl":{"start":{"line":103,"column":1},"end":{"line":103,"column":2}},"loc":{"start":{"line":103,"column":10},"end":{"line":204,"column":2}},"line":103},"16":{"name":"(anonymous_16)","decl":{"start":{"line":123,"column":14},"end":{"line":123,"column":15}},"loc":{"start":{"line":123,"column":26},"end":{"line":123,"column":40}},"line":123},"17":{"name":"(anonymous_17)","decl":{"start":{"line":137,"column":15},"end":{"line":137,"column":16}},"loc":{"start":{"line":137,"column":27},"end":{"line":137,"column":68}},"line":137},"18":{"name":"(anonymous_18)","decl":{"start":{"line":147,"column":15},"end":{"line":147,"column":16}},"loc":{"start":{"line":147,"column":27},"end":{"line":153,"column":8}},"line":147},"19":{"name":"(anonymous_19)","decl":{"start":{"line":158,"column":15},"end":{"line":158,"column":16}},"loc":{"start":{"line":159,"column":8},"end":{"line":165,"column":16}},"line":159},"20":{"name":"(anonymous_20)","decl":{"start":{"line":163,"column":19},"end":{"line":163,"column":20}},"loc":{"start":{"line":163,"column":25},"end":{"line":163,"column":57}},"line":163},"21":{"name":"(anonymous_21)","decl":{"start":{"line":188,"column":14},"end":{"line":188,"column":15}},"loc":{"start":{"line":189,"column":7},"end":{"line":191,"column":16}},"line":189},"22":{"name":"(anonymous_22)","decl":{"start":{"line":189,"column":24},"end":{"line":189,"column":25}},"loc":{"start":{"line":189,"column":30},"end":{"line":189,"column":60}},"line":189},"23":{"name":"(anonymous_23)","decl":{"start":{"line":199,"column":14},"end":{"line":199,"column":15}},"loc":{"start":{"line":199,"column":26},"end":{"line":199,"column":80}},"line":199}},"branchMap":{"0":{"loc":{"start":{"line":52,"column":4},"end":{"line":63,"column":5}},"type":"if","locations":[{"start":{"line":52,"column":4},"end":{"line":63,"column":5}},{"start":{"line":61,"column":11},"end":{"line":63,"column":5}}],"line":52},"1":{"loc":{"start":{"line":56,"column":7},"end":{"line":56,"column":64}},"type":"if","locations":[{"start":{"line":56,"column":7},"end":{"line":56,"column":64}},{"start":{},"end":{}}],"line":56},"2":{"loc":{"start":{"line":89,"column":4},"end":{"line":97,"column":5}},"type":"if","locations":[{"start":{"line":89,"column":4},"end":{"line":97,"column":5}},{"start":{"line":94,"column":11},"end":{"line":97,"column":5}}],"line":89}},"s":{"0":3,"1":1,"2":1,"3":1,"4":1,"5":0,"6":1,"7":0,"8":1,"9":0,"10":1,"11":1,"12":1,"13":1,"14":0,"15":0,"16":0,"17":0,"18":0,"19":0,"20":0,"21":0,"22":0,"23":0,"24":0,"25":0,"26":1,"27":1,"28":0,"29":1,"30":0,"31":0,"32":0,"33":0,"34":0,"35":0,"36":0,"37":0,"38":0,"39":0,"40":0,"41":0,"42":0,"43":2,"44":0,"45":0,"46":0,"47":0,"48":0,"49":0,"50":0,"51":0},"f":{"0":0,"1":0,"2":0,"3":1,"4":0,"5":0,"6":0,"7":0,"8":0,"9":1,"10":0,"11":0,"12":0,"13":0,"14":0,"15":2,"16":0,"17":0,"18":0,"19":0,"20":0,"21":0,"22":0,"23":0},"b":{"0":[0,0],"1":[0,0],"2":[0,0]},"_coverageSchema":"1a1c01bbd47fc00a2c39e90264f33305004495a9","hash":"eeeab99ae8cd93052f061fa7d998b35646021781"}
,"/Users/ekanshsinghal/Desktop/CSC510/edu-setu-group26-proj2/code/ui/src/Components/ProfessorDashboard/UpdateApplication.jsx": {"path":"/Users/ekanshsinghal/Desktop/CSC510/edu-setu-group26-proj2/code/ui/src/Components/ProfessorDashboard/UpdateApplication.jsx","statementMap":{"0":{"start":{"line":4,"column":19},"end":{"line":4,"column":25}},"1":{"start":{"line":7,"column":29},"end":{"line":12,"column":2}},"2":{"start":{"line":8,"column":2},"end":{"line":11,"column":5}},"3":{"start":{"line":9,"column":3},"end":{"line":9,"column":73}},"4":{"start":{"line":10,"column":3},"end":{"line":10,"column":46}},"5":{"start":{"line":15,"column":2},"end":{"line":77,"column":4}}},"fnMap":{"0":{"name":"(anonymous_0)","decl":{"start":{"line":7,"column":29},"end":{"line":7,"column":30}},"loc":{"start":{"line":7,"column":35},"end":{"line":12,"column":2}},"line":7},"1":{"name":"(anonymous_1)","decl":{"start":{"line":8,"column":57},"end":{"line":8,"column":58}},"loc":{"start":{"line":8,"column":69},"end":{"line":11,"column":3}},"line":8},"2":{"name":"(anonymous_2)","decl":{"start":{"line":14,"column":1},"end":{"line":14,"column":2}},"loc":{"start":{"line":14,"column":10},"end":{"line":78,"column":2}},"line":14}},"branchMap":{},"s":{"0":3,"1":1,"2":0,"3":0,"4":0,"5":1},"f":{"0":0,"1":0,"2":1},"b":{},"_coverageSchema":"1a1c01bbd47fc00a2c39e90264f33305004495a9","hash":"44383b852335ffaf267e24e29cf1017b7050a31e"}
,"/Users/ekanshsinghal/Desktop/CSC510/edu-setu-group26-proj2/code/ui/src/Components/ProfessorDashboard/UpdatePosting.jsx": {"path":"/Users/ekanshsinghal/Desktop/CSC510/edu-setu-group26-proj2/code/ui/src/Components/ProfessorDashboard/UpdatePosting.jsx","statementMap":{"0":{"start":{"line":4,"column":19},"end":{"line":4,"column":25}},"1":{"start":{"line":7,"column":25},"end":{"line":13,"column":2}},"2":{"start":{"line":8,"column":2},"end":{"line":12,"column":5}},"3":{"start":{"line":9,"column":3},"end":{"line":9,"column":54}},"4":{"start":{"line":10,"column":3},"end":{"line":10,"column":56}},"5":{"start":{"line":11,"column":3},"end":{"line":11,"column":42}},"6":{"start":{"line":16,"column":2},"end":{"line":109,"column":4}},"7":{"start":{"line":103,"column":6},"end":{"line":103,"column":48}}},"fnMap":{"0":{"name":"(anonymous_0)","decl":{"start":{"line":7,"column":25},"end":{"line":7,"column":26}},"loc":{"start":{"line":7,"column":31},"end":{"line":13,"column":2}},"line":7},"1":{"name":"(anonymous_1)","decl":{"start":{"line":8,"column":57},"end":{"line":8,"column":58}},"loc":{"start":{"line":8,"column":69},"end":{"line":12,"column":3}},"line":8},"2":{"name":"(anonymous_2)","decl":{"start":{"line":15,"column":1},"end":{"line":15,"column":2}},"loc":{"start":{"line":15,"column":10},"end":{"line":110,"column":2}},"line":15},"3":{"name":"(anonymous_3)","decl":{"start":{"line":102,"column":14},"end":{"line":102,"column":15}},"loc":{"start":{"line":102,"column":20},"end":{"line":104,"column":6}},"line":102}},"branchMap":{},"s":{"0":3,"1":1,"2":0,"3":0,"4":0,"5":0,"6":1,"7":0},"f":{"0":0,"1":0,"2":1,"3":0},"b":{},"_coverageSchema":"1a1c01bbd47fc00a2c39e90264f33305004495a9","hash":"cff3f306f20ac8c4020c1104938b70a5fc0ddfde"}
,"/Users/ekanshsinghal/Desktop/CSC510/edu-setu-group26-proj2/code/ui/src/Components/SavedJobs/SavedJobs.jsx": {"path":"/Users/ekanshsinghal/Desktop/CSC510/edu-setu-group26-proj2/code/ui/src/Components/SavedJobs/SavedJobs.jsx","statementMap":{"0":{"start":{"line":7,"column":34},"end":{"line":24,"column":1}},"1":{"start":{"line":8,"column":1},"end":{"line":23,"column":12}},"2":{"start":{"line":27,"column":17},"end":{"line":27,"column":48}},"3":{"start":{"line":28,"column":35},"end":{"line":28,"column":50}},"4":{"start":{"line":29,"column":37},"end":{"line":29,"column":49}},"5":{"start":{"line":30,"column":25},"end":{"line":30,"column":37}},"6":{"start":{"line":31,"column":33},"end":{"line":31,"column":45}},"7":{"start":{"line":32,"column":31},"end":{"line":32,"column":45}},"8":{"start":{"line":34,"column":24},"end":{"line":50,"column":2}},"9":{"start":{"line":35,"column":21},"end":{"line":46,"column":4}},"10":{"start":{"line":44,"column":24},"end":{"line":44,"column":39}},"11":{"start":{"line":45,"column":20},"end":{"line":45,"column":29}},"12":{"start":{"line":47,"column":2},"end":{"line":47,"column":24}},"13":{"start":{"line":48,"column":2},"end":{"line":48,"column":20}},"14":{"start":{"line":49,"column":2},"end":{"line":49,"column":20}},"15":{"start":{"line":52,"column":1},"end":{"line":55,"column":8}},"16":{"start":{"line":53,"column":2},"end":{"line":53,"column":19}},"17":{"start":{"line":57,"column":15},"end":{"line":75,"column":2}},"18":{"start":{"line":58,"column":21},"end":{"line":58,"column":35}},"19":{"start":{"line":59,"column":25},"end":{"line":63,"column":3}},"20":{"start":{"line":64,"column":2},"end":{"line":74,"column":36}},"21":{"start":{"line":65,"column":23},"end":{"line":65,"column":38}},"22":{"start":{"line":67,"column":4},"end":{"line":72,"column":5}},"23":{"start":{"line":68,"column":5},"end":{"line":68,"column":46}},"24":{"start":{"line":69,"column":5},"end":{"line":69,"column":25}},"25":{"start":{"line":71,"column":5},"end":{"line":71,"column":30}},"26":{"start":{"line":74,"column":18},"end":{"line":74,"column":34}},"27":{"start":{"line":77,"column":23},"end":{"line":86,"column":2}},"28":{"start":{"line":78,"column":17},"end":{"line":78,"column":45}},"29":{"start":{"line":79,"column":23},"end":{"line":79,"column":25}},"30":{"start":{"line":80,"column":2},"end":{"line":84,"column":3}},"31":{"start":{"line":80,"column":15},"end":{"line":80,"column":16}},"32":{"start":{"line":81,"column":3},"end":{"line":83,"column":4}},"33":{"start":{"line":82,"column":4},"end":{"line":82,"column":35}},"34":{"start":{"line":85,"column":2},"end":{"line":85,"column":24}},"35":{"start":{"line":88,"column":17},"end":{"line":164,"column":2}},"36":{"start":{"line":100,"column":4},"end":{"line":108,"column":13}},"37":{"start":{"line":103,"column":6},"end":{"line":103,"column":25}},"38":{"start":{"line":104,"column":6},"end":{"line":104,"column":28}},"39":{"start":{"line":110,"column":21},"end":{"line":110,"column":51}},"40":{"start":{"line":116,"column":21},"end":{"line":116,"column":65}},"41":{"start":{"line":126,"column":32},"end":{"line":126,"column":59}},"42":{"start":{"line":127,"column":21},"end":{"line":127,"column":61}},"43":{"start":{"line":138,"column":32},"end":{"line":138,"column":57}},"44":{"start":{"line":139,"column":21},"end":{"line":139,"column":57}},"45":{"start":{"line":146,"column":4},"end":{"line":161,"column":15}},"46":{"start":{"line":150,"column":35},"end":{"line":150,"column":48}},"47":{"start":{"line":166,"column":1},"end":{"line":194,"column":3}},"48":{"start":{"line":190,"column":18},"end":{"line":190,"column":37}},"49":{"start":{"line":191,"column":17},"end":{"line":191,"column":34}}},"fnMap":{"0":{"name":"(anonymous_0)","decl":{"start":{"line":7,"column":34},"end":{"line":7,"column":35}},"loc":{"start":{"line":8,"column":1},"end":{"line":23,"column":12}},"line":8},"1":{"name":"SavedJobs","decl":{"start":{"line":26,"column":24},"end":{"line":26,"column":33}},"loc":{"start":{"line":26,"column":36},"end":{"line":195,"column":1}},"line":26},"2":{"name":"(anonymous_2)","decl":{"start":{"line":34,"column":24},"end":{"line":34,"column":25}},"loc":{"start":{"line":34,"column":36},"end":{"line":50,"column":2}},"line":34},"3":{"name":"(anonymous_3)","decl":{"start":{"line":44,"column":10},"end":{"line":44,"column":11}},"loc":{"start":{"line":44,"column":24},"end":{"line":44,"column":39}},"line":44},"4":{"name":"(anonymous_4)","decl":{"start":{"line":45,"column":10},"end":{"line":45,"column":11}},"loc":{"start":{"line":45,"column":20},"end":{"line":45,"column":29}},"line":45},"5":{"name":"(anonymous_5)","decl":{"start":{"line":52,"column":11},"end":{"line":52,"column":12}},"loc":{"start":{"line":52,"column":17},"end":{"line":55,"column":2}},"line":52},"6":{"name":"(anonymous_6)","decl":{"start":{"line":57,"column":15},"end":{"line":57,"column":16}},"loc":{"start":{"line":57,"column":24},"end":{"line":75,"column":2}},"line":57},"7":{"name":"(anonymous_7)","decl":{"start":{"line":65,"column":9},"end":{"line":65,"column":10}},"loc":{"start":{"line":65,"column":23},"end":{"line":65,"column":38}},"line":65},"8":{"name":"(anonymous_8)","decl":{"start":{"line":66,"column":9},"end":{"line":66,"column":10}},"loc":{"start":{"line":66,"column":19},"end":{"line":73,"column":4}},"line":66},"9":{"name":"(anonymous_9)","decl":{"start":{"line":74,"column":12},"end":{"line":74,"column":13}},"loc":{"start":{"line":74,"column":18},"end":{"line":74,"column":34}},"line":74},"10":{"name":"(anonymous_10)","decl":{"start":{"line":77,"column":23},"end":{"line":77,"column":24}},"loc":{"start":{"line":77,"column":30},"end":{"line":86,"column":2}},"line":77},"11":{"name":"(anonymous_11)","decl":{"start":{"line":99,"column":11},"end":{"line":99,"column":12}},"loc":{"start":{"line":100,"column":4},"end":{"line":108,"column":13}},"line":100},"12":{"name":"(anonymous_12)","decl":{"start":{"line":102,"column":14},"end":{"line":102,"column":15}},"loc":{"start":{"line":102,"column":20},"end":{"line":105,"column":6}},"line":102},"13":{"name":"(anonymous_13)","decl":{"start":{"line":110,"column":11},"end":{"line":110,"column":12}},"loc":{"start":{"line":110,"column":21},"end":{"line":110,"column":51}},"line":110},"14":{"name":"(anonymous_14)","decl":{"start":{"line":116,"column":11},"end":{"line":116,"column":12}},"loc":{"start":{"line":116,"column":21},"end":{"line":116,"column":65}},"line":116},"15":{"name":"(anonymous_15)","decl":{"start":{"line":126,"column":13},"end":{"line":126,"column":14}},"loc":{"start":{"line":126,"column":32},"end":{"line":126,"column":59}},"line":126},"16":{"name":"(anonymous_16)","decl":{"start":{"line":127,"column":11},"end":{"line":127,"column":12}},"loc":{"start":{"line":127,"column":21},"end":{"line":127,"column":61}},"line":127},"17":{"name":"(anonymous_17)","decl":{"start":{"line":138,"column":13},"end":{"line":138,"column":14}},"loc":{"start":{"line":138,"column":32},"end":{"line":138,"column":57}},"line":138},"18":{"name":"(anonymous_18)","decl":{"start":{"line":139,"column":11},"end":{"line":139,"column":12}},"loc":{"start":{"line":139,"column":21},"end":{"line":139,"column":57}},"line":139},"19":{"name":"(anonymous_19)","decl":{"start":{"line":145,"column":11},"end":{"line":145,"column":12}},"loc":{"start":{"line":146,"column":4},"end":{"line":161,"column":15}},"line":146},"20":{"name":"(anonymous_20)","decl":{"start":{"line":150,"column":29},"end":{"line":150,"column":30}},"loc":{"start":{"line":150,"column":35},"end":{"line":150,"column":48}},"line":150},"21":{"name":"(anonymous_21)","decl":{"start":{"line":190,"column":12},"end":{"line":190,"column":13}},"loc":{"start":{"line":190,"column":18},"end":{"line":190,"column":37}},"line":190},"22":{"name":"(anonymous_22)","decl":{"start":{"line":191,"column":11},"end":{"line":191,"column":12}},"loc":{"start":{"line":191,"column":17},"end":{"line":191,"column":34}},"line":191}},"branchMap":{"0":{"loc":{"start":{"line":67,"column":4},"end":{"line":72,"column":5}},"type":"if","locations":[{"start":{"line":67,"column":4},"end":{"line":72,"column":5}},{"start":{"line":70,"column":11},"end":{"line":72,"column":5}}],"line":67},"1":{"loc":{"start":{"line":81,"column":3},"end":{"line":83,"column":4}},"type":"if","locations":[{"start":{"line":81,"column":3},"end":{"line":83,"column":4}},{"start":{},"end":{}}],"line":81}},"s":{"0":3,"1":1,"2":1,"3":1,"4":1,"5":1,"6":1,"7":1,"8":1,"9":1,"10":0,"11":0,"12":0,"13":0,"14":0,"15":1,"16":1,"17":1,"18":0,"19":0,"20":0,"21":0,"22":0,"23":0,"24":0,"25":0,"26":0,"27":1,"28":0,"29":0,"30":0,"31":0,"32":0,"33":0,"34":0,"35":1,"36":0,"37":0,"38":0,"39":0,"40":0,"41":0,"42":0,"43":0,"44":0,"45":0,"46":0,"47":1,"48":0,"49":0},"f":{"0":1,"1":1,"2":1,"3":0,"4":0,"5":1,"6":0,"7":0,"8":0,"9":0,"10":0,"11":0,"12":0,"13":0,"14":0,"15":0,"16":0,"17":0,"18":0,"19":0,"20":0,"21":0,"22":0},"b":{"0":[0,0],"1":[0,0]},"_coverageSchema":"1a1c01bbd47fc00a2c39e90264f33305004495a9","hash":"bde067e805224dee8e4e50db07c29f681e4508d9"}
,"/Users/ekanshsinghal/Desktop/CSC510/edu-setu-group26-proj2/code/ui/src/Components/StudentDashboard/StudentDashboard.jsx": {"path":"/Users/ekanshsinghal/Desktop/CSC510/edu-setu-group26-proj2/code/ui/src/Components/StudentDashboard/StudentDashboard.jsx","statementMap":{"0":{"start":{"line":7,"column":34},"end":{"line":24,"column":1}},"1":{"start":{"line":8,"column":1},"end":{"line":23,"column":12}},"2":{"start":{"line":27,"column":17},"end":{"line":27,"column":48}},"3":{"start":{"line":28,"column":35},"end":{"line":28,"column":50}},"4":{"start":{"line":29,"column":37},"end":{"line":29,"column":49}},"5":{"start":{"line":30,"column":25},"end":{"line":30,"column":37}},"6":{"start":{"line":31,"column":33},"end":{"line":31,"column":45}},"7":{"start":{"line":32,"column":31},"end":{"line":32,"column":45}},"8":{"start":{"line":34,"column":24},"end":{"line":64,"column":2}},"9":{"start":{"line":35,"column":35},"end":{"line":46,"column":4}},"10":{"start":{"line":37,"column":24},"end":{"line":37,"column":39}},"11":{"start":{"line":38,"column":20},"end":{"line":38,"column":29}},"12":{"start":{"line":44,"column":24},"end":{"line":44,"column":39}},"13":{"start":{"line":45,"column":20},"end":{"line":45,"column":29}},"14":{"start":{"line":48,"column":15},"end":{"line":48,"column":17}},"15":{"start":{"line":49,"column":2},"end":{"line":60,"column":3}},"16":{"start":{"line":49,"column":15},"end":{"line":49,"column":16}},"17":{"start":{"line":50,"column":14},"end":{"line":50,"column":15}},"18":{"start":{"line":51,"column":3},"end":{"line":56,"column":4}},"19":{"start":{"line":51,"column":16},"end":{"line":51,"column":17}},"20":{"start":{"line":52,"column":4},"end":{"line":55,"column":5}},"21":{"start":{"line":53,"column":5},"end":{"line":53,"column":14}},"22":{"start":{"line":54,"column":5},"end":{"line":54,"column":11}},"23":{"start":{"line":57,"column":3},"end":{"line":59,"column":4}},"24":{"start":{"line":58,"column":4},"end":{"line":58,"column":63}},"25":{"start":{"line":61,"column":2},"end":{"line":61,"column":20}},"26":{"start":{"line":62,"column":2},"end":{"line":62,"column":16}},"27":{"start":{"line":63,"column":2},"end":{"line":63,"column":20}},"28":{"start":{"line":66,"column":1},"end":{"line":69,"column":8}},"29":{"start":{"line":67,"column":2},"end":{"line":67,"column":19}},"30":{"start":{"line":71,"column":15},"end":{"line":89,"column":2}},"31":{"start":{"line":72,"column":21},"end":{"line":72,"column":35}},"32":{"start":{"line":73,"column":25},"end":{"line":77,"column":3}},"33":{"start":{"line":78,"column":2},"end":{"line":88,"column":36}},"34":{"start":{"line":79,"column":23},"end":{"line":79,"column":38}},"35":{"start":{"line":81,"column":4},"end":{"line":86,"column":5}},"36":{"start":{"line":82,"column":5},"end":{"line":82,"column":46}},"37":{"start":{"line":83,"column":5},"end":{"line":83,"column":25}},"38":{"start":{"line":85,"column":5},"end":{"line":85,"column":30}},"39":{"start":{"line":88,"column":18},"end":{"line":88,"column":34}},"40":{"start":{"line":91,"column":17},"end":{"line":107,"column":2}},"41":{"start":{"line":92,"column":21},"end":{"line":92,"column":35}},"42":{"start":{"line":93,"column":25},"end":{"line":97,"column":3}},"43":{"start":{"line":98,"column":2},"end":{"line":106,"column":6}},"44":{"start":{"line":99,"column":23},"end":{"line":99,"column":38}},"45":{"start":{"line":101,"column":4},"end":{"line":105,"column":5}},"46":{"start":{"line":102,"column":5},"end":{"line":102,"column":34}},"47":{"start":{"line":104,"column":5},"end":{"line":104,"column":30}},"48":{"start":{"line":109,"column":23},"end":{"line":118,"column":2}},"49":{"start":{"line":110,"column":17},"end":{"line":110,"column":45}},"50":{"start":{"line":111,"column":23},"end":{"line":111,"column":25}},"51":{"start":{"line":112,"column":2},"end":{"line":116,"column":3}},"52":{"start":{"line":112,"column":15},"end":{"line":112,"column":16}},"53":{"start":{"line":113,"column":3},"end":{"line":115,"column":4}},"54":{"start":{"line":114,"column":4},"end":{"line":114,"column":35}},"55":{"start":{"line":117,"column":2},"end":{"line":117,"column":24}},"56":{"start":{"line":120,"column":17},"end":{"line":200,"column":2}},"57":{"start":{"line":132,"column":4},"end":{"line":140,"column":13}},"58":{"start":{"line":135,"column":6},"end":{"line":135,"column":25}},"59":{"start":{"line":136,"column":6},"end":{"line":136,"column":28}},"60":{"start":{"line":142,"column":21},"end":{"line":142,"column":51}},"61":{"start":{"line":148,"column":21},"end":{"line":148,"column":65}},"62":{"start":{"line":158,"column":32},"end":{"line":158,"column":59}},"63":{"start":{"line":159,"column":21},"end":{"line":159,"column":61}},"64":{"start":{"line":170,"column":32},"end":{"line":170,"column":57}},"65":{"start":{"line":171,"column":21},"end":{"line":171,"column":57}},"66":{"start":{"line":178,"column":4},"end":{"line":197,"column":15}},"67":{"start":{"line":182,"column":35},"end":{"line":182,"column":48}},"68":{"start":{"line":186,"column":35},"end":{"line":186,"column":50}},"69":{"start":{"line":202,"column":1},"end":{"line":230,"column":3}},"70":{"start":{"line":226,"column":18},"end":{"line":226,"column":37}},"71":{"start":{"line":227,"column":17},"end":{"line":227,"column":34}}},"fnMap":{"0":{"name":"(anonymous_0)","decl":{"start":{"line":7,"column":34},"end":{"line":7,"column":35}},"loc":{"start":{"line":8,"column":1},"end":{"line":23,"column":12}},"line":8},"1":{"name":"StudentDashboard","decl":{"start":{"line":26,"column":24},"end":{"line":26,"column":40}},"loc":{"start":{"line":26,"column":43},"end":{"line":231,"column":1}},"line":26},"2":{"name":"(anonymous_2)","decl":{"start":{"line":34,"column":24},"end":{"line":34,"column":25}},"loc":{"start":{"line":34,"column":36},"end":{"line":64,"column":2}},"line":34},"3":{"name":"(anonymous_3)","decl":{"start":{"line":37,"column":10},"end":{"line":37,"column":11}},"loc":{"start":{"line":37,"column":24},"end":{"line":37,"column":39}},"line":37},"4":{"name":"(anonymous_4)","decl":{"start":{"line":38,"column":10},"end":{"line":38,"column":11}},"loc":{"start":{"line":38,"column":20},"end":{"line":38,"column":29}},"line":38},"5":{"name":"(anonymous_5)","decl":{"start":{"line":44,"column":10},"end":{"line":44,"column":11}},"loc":{"start":{"line":44,"column":24},"end":{"line":44,"column":39}},"line":44},"6":{"name":"(anonymous_6)","decl":{"start":{"line":45,"column":10},"end":{"line":45,"column":11}},"loc":{"start":{"line":45,"column":20},"end":{"line":45,"column":29}},"line":45},"7":{"name":"(anonymous_7)","decl":{"start":{"line":66,"column":11},"end":{"line":66,"column":12}},"loc":{"start":{"line":66,"column":17},"end":{"line":69,"column":2}},"line":66},"8":{"name":"(anonymous_8)","decl":{"start":{"line":71,"column":15},"end":{"line":71,"column":16}},"loc":{"start":{"line":71,"column":24},"end":{"line":89,"column":2}},"line":71},"9":{"name":"(anonymous_9)","decl":{"start":{"line":79,"column":9},"end":{"line":79,"column":10}},"loc":{"start":{"line":79,"column":23},"end":{"line":79,"column":38}},"line":79},"10":{"name":"(anonymous_10)","decl":{"start":{"line":80,"column":9},"end":{"line":80,"column":10}},"loc":{"start":{"line":80,"column":19},"end":{"line":87,"column":4}},"line":80},"11":{"name":"(anonymous_11)","decl":{"start":{"line":88,"column":12},"end":{"line":88,"column":13}},"loc":{"start":{"line":88,"column":18},"end":{"line":88,"column":34}},"line":88},"12":{"name":"(anonymous_12)","decl":{"start":{"line":91,"column":17},"end":{"line":91,"column":18}},"loc":{"start":{"line":91,"column":26},"end":{"line":107,"column":2}},"line":91},"13":{"name":"(anonymous_13)","decl":{"start":{"line":99,"column":9},"end":{"line":99,"column":10}},"loc":{"start":{"line":99,"column":23},"end":{"line":99,"column":38}},"line":99},"14":{"name":"(anonymous_14)","decl":{"start":{"line":100,"column":9},"end":{"line":100,"column":10}},"loc":{"start":{"line":100,"column":19},"end":{"line":106,"column":4}},"line":100},"15":{"name":"(anonymous_15)","decl":{"start":{"line":109,"column":23},"end":{"line":109,"column":24}},"loc":{"start":{"line":109,"column":30},"end":{"line":118,"column":2}},"line":109},"16":{"name":"(anonymous_16)","decl":{"start":{"line":131,"column":11},"end":{"line":131,"column":12}},"loc":{"start":{"line":132,"column":4},"end":{"line":140,"column":13}},"line":132},"17":{"name":"(anonymous_17)","decl":{"start":{"line":134,"column":14},"end":{"line":134,"column":15}},"loc":{"start":{"line":134,"column":20},"end":{"line":137,"column":6}},"line":134},"18":{"name":"(anonymous_18)","decl":{"start":{"line":142,"column":11},"end":{"line":142,"column":12}},"loc":{"start":{"line":142,"column":21},"end":{"line":142,"column":51}},"line":142},"19":{"name":"(anonymous_19)","decl":{"start":{"line":148,"column":11},"end":{"line":148,"column":12}},"loc":{"start":{"line":148,"column":21},"end":{"line":148,"column":65}},"line":148},"20":{"name":"(anonymous_20)","decl":{"start":{"line":158,"column":13},"end":{"line":158,"column":14}},"loc":{"start":{"line":158,"column":32},"end":{"line":158,"column":59}},"line":158},"21":{"name":"(anonymous_21)","decl":{"start":{"line":159,"column":11},"end":{"line":159,"column":12}},"loc":{"start":{"line":159,"column":21},"end":{"line":159,"column":61}},"line":159},"22":{"name":"(anonymous_22)","decl":{"start":{"line":170,"column":13},"end":{"line":170,"column":14}},"loc":{"start":{"line":170,"column":32},"end":{"line":170,"column":57}},"line":170},"23":{"name":"(anonymous_23)","decl":{"start":{"line":171,"column":11},"end":{"line":171,"column":12}},"loc":{"start":{"line":171,"column":21},"end":{"line":171,"column":57}},"line":171},"24":{"name":"(anonymous_24)","decl":{"start":{"line":177,"column":11},"end":{"line":177,"column":12}},"loc":{"start":{"line":178,"column":4},"end":{"line":197,"column":15}},"line":178},"25":{"name":"(anonymous_25)","decl":{"start":{"line":182,"column":29},"end":{"line":182,"column":30}},"loc":{"start":{"line":182,"column":35},"end":{"line":182,"column":48}},"line":182},"26":{"name":"(anonymous_26)","decl":{"start":{"line":186,"column":29},"end":{"line":186,"column":30}},"loc":{"start":{"line":186,"column":35},"end":{"line":186,"column":50}},"line":186},"27":{"name":"(anonymous_27)","decl":{"start":{"line":226,"column":12},"end":{"line":226,"column":13}},"loc":{"start":{"line":226,"column":18},"end":{"line":226,"column":37}},"line":226},"28":{"name":"(anonymous_28)","decl":{"start":{"line":227,"column":11},"end":{"line":227,"column":12}},"loc":{"start":{"line":227,"column":17},"end":{"line":227,"column":34}},"line":227}},"branchMap":{"0":{"loc":{"start":{"line":52,"column":4},"end":{"line":55,"column":5}},"type":"if","locations":[{"start":{"line":52,"column":4},"end":{"line":55,"column":5}},{"start":{},"end":{}}],"line":52},"1":{"loc":{"start":{"line":57,"column":3},"end":{"line":59,"column":4}},"type":"if","locations":[{"start":{"line":57,"column":3},"end":{"line":59,"column":4}},{"start":{},"end":{}}],"line":57},"2":{"loc":{"start":{"line":81,"column":4},"end":{"line":86,"column":5}},"type":"if","locations":[{"start":{"line":81,"column":4},"end":{"line":86,"column":5}},{"start":{"line":84,"column":11},"end":{"line":86,"column":5}}],"line":81},"3":{"loc":{"start":{"line":101,"column":4},"end":{"line":105,"column":5}},"type":"if","locations":[{"start":{"line":101,"column":4},"end":{"line":105,"column":5}},{"start":{"line":103,"column":11},"end":{"line":105,"column":5}}],"line":101},"4":{"loc":{"start":{"line":113,"column":3},"end":{"line":115,"column":4}},"type":"if","locations":[{"start":{"line":113,"column":3},"end":{"line":115,"column":4}},{"start":{},"end":{}}],"line":113}},"s":{"0":3,"1":2,"2":3,"3":3,"4":2,"5":2,"6":2,"7":2,"8":2,"9":2,"10":1,"11":1,"12":1,"13":1,"14":1,"15":1,"16":1,"17":24,"18":24,"19":24,"20":300,"21":24,"22":24,"23":24,"24":0,"25":1,"26":1,"27":1,"28":2,"29":2,"30":2,"31":0,"32":0,"33":0,"34":0,"35":0,"36":0,"37":0,"38":0,"39":0,"40":2,"41":0,"42":0,"43":0,"44":0,"45":0,"46":0,"47":0,"48":2,"49":0,"50":0,"51":0,"52":0,"53":0,"54":0,"55":0,"56":2,"57":0,"58":0,"59":0,"60":0,"61":0,"62":0,"63":0,"64":0,"65":0,"66":0,"67":0,"68":0,"69":2,"70":0,"71":0},"f":{"0":2,"1":3,"2":2,"3":1,"4":1,"5":1,"6":1,"7":2,"8":0,"9":0,"10":0,"11":0,"12":0,"13":0,"14":0,"15":0,"16":0,"17":0,"18":0,"19":0,"20":0,"21":0,"22":0,"23":0,"24":0,"25":0,"26":0,"27":0,"28":0},"b":{"0":[24,276],"1":[0,24],"2":[0,0],"3":[0,0],"4":[0,0]},"_coverageSchema":"1a1c01bbd47fc00a2c39e90264f33305004495a9","hash":"e13a89276b99cfb7a48dfe010d90bccc5b534e2c"}
,"/Users/ekanshsinghal/Desktop/CSC510/edu-setu-group26-proj2/code/ui/src/Components/StudentHome/StudentHome.jsx": {"path":"/Users/ekanshsinghal/Desktop/CSC510/edu-setu-group26-proj2/code/ui/src/Components/StudentHome/StudentHome.jsx","statementMap":{"0":{"start":{"line":16,"column":20},"end":{"line":16,"column":26}},"1":{"start":{"line":19,"column":40},"end":{"line":19,"column":52}},"2":{"start":{"line":21,"column":22},"end":{"line":25,"column":2}},"3":{"start":{"line":22,"column":2},"end":{"line":22,"column":23}},"4":{"start":{"line":23,"column":2},"end":{"line":23,"column":54}},"5":{"start":{"line":24,"column":2},"end":{"line":24,"column":24}},"6":{"start":{"line":27,"column":19},"end":{"line":40,"column":2}},"7":{"start":{"line":28,"column":2},"end":{"line":39,"column":3}},"8":{"start":{"line":30,"column":4},"end":{"line":30,"column":32}},"9":{"start":{"line":32,"column":4},"end":{"line":32,"column":32}},"10":{"start":{"line":34,"column":4},"end":{"line":34,"column":30}},"11":{"start":{"line":36,"column":4},"end":{"line":36,"column":25}},"12":{"start":{"line":38,"column":4},"end":{"line":38,"column":32}},"13":{"start":{"line":42,"column":1},"end":{"line":91,"column":3}},"14":{"start":{"line":77,"column":28},"end":{"line":77,"column":47}}},"fnMap":{"0":{"name":"Home","decl":{"start":{"line":18,"column":24},"end":{"line":18,"column":28}},"loc":{"start":{"line":18,"column":42},"end":{"line":92,"column":1}},"line":18},"1":{"name":"(anonymous_1)","decl":{"start":{"line":21,"column":22},"end":{"line":21,"column":23}},"loc":{"start":{"line":21,"column":28},"end":{"line":25,"column":2}},"line":21},"2":{"name":"(anonymous_2)","decl":{"start":{"line":27,"column":19},"end":{"line":27,"column":20}},"loc":{"start":{"line":27,"column":25},"end":{"line":40,"column":2}},"line":27},"3":{"name":"(anonymous_3)","decl":{"start":{"line":77,"column":15},"end":{"line":77,"column":16}},"loc":{"start":{"line":77,"column":28},"end":{"line":77,"column":47}},"line":77}},"branchMap":{"0":{"loc":{"start":{"line":28,"column":2},"end":{"line":39,"column":3}},"type":"switch","locations":[{"start":{"line":29,"column":3},"end":{"line":30,"column":32}},{"start":{"line":31,"column":3},"end":{"line":32,"column":32}},{"start":{"line":33,"column":3},"end":{"line":34,"column":30}},{"start":{"line":35,"column":3},"end":{"line":36,"column":25}},{"start":{"line":37,"column":3},"end":{"line":38,"column":32}}],"line":28}},"s":{"0":2,"1":1,"2":1,"3":0,"4":0,"5":0,"6":1,"7":1,"8":0,"9":0,"10":0,"11":0,"12":1,"13":1,"14":0},"f":{"0":1,"1":0,"2":1,"3":0},"b":{"0":[0,0,0,0,1]},"_coverageSchema":"1a1c01bbd47fc00a2c39e90264f33305004495a9","hash":"1be06a79120a59c4d1d32ca43e429ff982e11fcb"}
,"/Users/ekanshsinghal/Desktop/CSC510/edu-setu-group26-proj2/code/ui/src/Components/StudentProfile/StudentProfile.jsx": {"path":"/Users/ekanshsinghal/Desktop/CSC510/edu-setu-group26-proj2/code/ui/src/Components/StudentProfile/StudentProfile.jsx","statementMap":{"0":{"start":{"line":9,"column":17},"end":{"line":9,"column":48}},"1":{"start":{"line":10,"column":35},"end":{"line":10,"column":53}},"2":{"start":{"line":11,"column":29},"end":{"line":11,"column":47}},"3":{"start":{"line":12,"column":37},"end":{"line":12,"column":55}},"4":{"start":{"line":13,"column":41},"end":{"line":13,"column":59}},"5":{"start":{"line":14,"column":31},"end":{"line":14,"column":51}},"6":{"start":{"line":17,"column":1},"end":{"line":17,"column":39}},"7":{"start":{"line":17,"column":17},"end":{"line":17,"column":33}},"8":{"start":{"line":19,"column":24},"end":{"line":45,"column":2}},"9":{"start":{"line":20,"column":2},"end":{"line":32,"column":6}},"10":{"start":{"line":25,"column":23},"end":{"line":25,"column":38}},"11":{"start":{"line":27,"column":28},"end":{"line":27,"column":37}},"12":{"start":{"line":28,"column":4},"end":{"line":28,"column":41}},"13":{"start":{"line":29,"column":4},"end":{"line":29,"column":37}},"14":{"start":{"line":30,"column":4},"end":{"line":30,"column":41}},"15":{"start":{"line":31,"column":4},"end":{"line":31,"column":22}},"16":{"start":{"line":33,"column":2},"end":{"line":38,"column":67}},"17":{"start":{"line":37,"column":23},"end":{"line":37,"column":38}},"18":{"start":{"line":38,"column":19},"end":{"line":38,"column":65}},"19":{"start":{"line":39,"column":2},"end":{"line":44,"column":70}},"20":{"start":{"line":43,"column":23},"end":{"line":43,"column":38}},"21":{"start":{"line":44,"column":19},"end":{"line":44,"column":68}},"22":{"start":{"line":47,"column":23},"end":{"line":61,"column":2}},"23":{"start":{"line":48,"column":2},"end":{"line":58,"column":6}},"24":{"start":{"line":53,"column":23},"end":{"line":53,"column":38}},"25":{"start":{"line":55,"column":4},"end":{"line":57,"column":36}},"26":{"start":{"line":56,"column":5},"end":{"line":56,"column":53}},"27":{"start":{"line":57,"column":11},"end":{"line":57,"column":36}},"28":{"start":{"line":60,"column":2},"end":{"line":60,"column":19}},"29":{"start":{"line":63,"column":22},"end":{"line":78,"column":2}},"30":{"start":{"line":64,"column":17},"end":{"line":64,"column":31}},"31":{"start":{"line":65,"column":2},"end":{"line":65,"column":36}},"32":{"start":{"line":66,"column":2},"end":{"line":66,"column":56}},"33":{"start":{"line":67,"column":2},"end":{"line":77,"column":3}},"34":{"start":{"line":68,"column":3},"end":{"line":73,"column":6}},"35":{"start":{"line":71,"column":5},"end":{"line":71,"column":69}},"36":{"start":{"line":74,"column":3},"end":{"line":74,"column":23}},"37":{"start":{"line":76,"column":3},"end":{"line":76,"column":22}},"38":{"start":{"line":80,"column":19},"end":{"line":95,"column":2}},"39":{"start":{"line":81,"column":17},"end":{"line":81,"column":31}},"40":{"start":{"line":82,"column":2},"end":{"line":82,"column":36}},"41":{"start":{"line":83,"column":2},"end":{"line":83,"column":55}},"42":{"start":{"line":84,"column":2},"end":{"line":94,"column":3}},"43":{"start":{"line":85,"column":3},"end":{"line":90,"column":6}},"44":{"start":{"line":88,"column":5},"end":{"line":88,"column":69}},"45":{"start":{"line":91,"column":3},"end":{"line":91,"column":23}},"46":{"start":{"line":93,"column":3},"end":{"line":93,"column":22}},"47":{"start":{"line":97,"column":1},"end":{"line":191,"column":3}}},"fnMap":{"0":{"name":"StudentProfile","decl":{"start":{"line":8,"column":24},"end":{"line":8,"column":38}},"loc":{"start":{"line":8,"column":41},"end":{"line":192,"column":1}},"line":8},"1":{"name":"(anonymous_1)","decl":{"start":{"line":17,"column":11},"end":{"line":17,"column":12}},"loc":{"start":{"line":17,"column":17},"end":{"line":17,"column":33}},"line":17},"2":{"name":"(anonymous_2)","decl":{"start":{"line":19,"column":24},"end":{"line":19,"column":25}},"loc":{"start":{"line":19,"column":30},"end":{"line":45,"column":2}},"line":19},"3":{"name":"(anonymous_3)","decl":{"start":{"line":25,"column":9},"end":{"line":25,"column":10}},"loc":{"start":{"line":25,"column":23},"end":{"line":25,"column":38}},"line":25},"4":{"name":"(anonymous_4)","decl":{"start":{"line":26,"column":9},"end":{"line":26,"column":10}},"loc":{"start":{"line":26,"column":19},"end":{"line":32,"column":4}},"line":26},"5":{"name":"(anonymous_5)","decl":{"start":{"line":37,"column":9},"end":{"line":37,"column":10}},"loc":{"start":{"line":37,"column":23},"end":{"line":37,"column":38}},"line":37},"6":{"name":"(anonymous_6)","decl":{"start":{"line":38,"column":9},"end":{"line":38,"column":10}},"loc":{"start":{"line":38,"column":19},"end":{"line":38,"column":65}},"line":38},"7":{"name":"(anonymous_7)","decl":{"start":{"line":43,"column":9},"end":{"line":43,"column":10}},"loc":{"start":{"line":43,"column":23},"end":{"line":43,"column":38}},"line":43},"8":{"name":"(anonymous_8)","decl":{"start":{"line":44,"column":9},"end":{"line":44,"column":10}},"loc":{"start":{"line":44,"column":19},"end":{"line":44,"column":68}},"line":44},"9":{"name":"(anonymous_9)","decl":{"start":{"line":47,"column":23},"end":{"line":47,"column":24}},"loc":{"start":{"line":47,"column":41},"end":{"line":61,"column":2}},"line":47},"10":{"name":"(anonymous_10)","decl":{"start":{"line":53,"column":9},"end":{"line":53,"column":10}},"loc":{"start":{"line":53,"column":23},"end":{"line":53,"column":38}},"line":53},"11":{"name":"(anonymous_11)","decl":{"start":{"line":54,"column":9},"end":{"line":54,"column":10}},"loc":{"start":{"line":54,"column":19},"end":{"line":58,"column":4}},"line":54},"12":{"name":"(anonymous_12)","decl":{"start":{"line":63,"column":22},"end":{"line":63,"column":23}},"loc":{"start":{"line":63,"column":37},"end":{"line":78,"column":2}},"line":63},"13":{"name":"(anonymous_13)","decl":{"start":{"line":70,"column":22},"end":{"line":70,"column":23}},"loc":{"start":{"line":70,"column":33},"end":{"line":72,"column":5}},"line":70},"14":{"name":"(anonymous_14)","decl":{"start":{"line":80,"column":19},"end":{"line":80,"column":20}},"loc":{"start":{"line":80,"column":34},"end":{"line":95,"column":2}},"line":80},"15":{"name":"(anonymous_15)","decl":{"start":{"line":87,"column":22},"end":{"line":87,"column":23}},"loc":{"start":{"line":87,"column":33},"end":{"line":89,"column":5}},"line":87}},"branchMap":{"0":{"loc":{"start":{"line":38,"column":19},"end":{"line":38,"column":65}},"type":"binary-expr","locations":[{"start":{"line":38,"column":19},"end":{"line":38,"column":35}},{"start":{"line":38,"column":39},"end":{"line":38,"column":65}}],"line":38},"1":{"loc":{"start":{"line":44,"column":19},"end":{"line":44,"column":68}},"type":"binary-expr","locations":[{"start":{"line":44,"column":19},"end":{"line":44,"column":34}},{"start":{"line":44,"column":38},"end":{"line":44,"column":68}}],"line":44},"2":{"loc":{"start":{"line":55,"column":4},"end":{"line":57,"column":36}},"type":"if","locations":[{"start":{"line":55,"column":4},"end":{"line":57,"column":36}},{"start":{"line":57,"column":11},"end":{"line":57,"column":36}}],"line":55},"3":{"loc":{"start":{"line":176,"column":9},"end":{"line":184,"column":9}},"type":"binary-expr","locations":[{"start":{"line":176,"column":9},"end":{"line":176,"column":19}},{"start":{"line":177,"column":9},"end":{"line":183,"column":18}}],"line":176}},"s":{"0":1,"1":1,"2":1,"3":1,"4":1,"5":1,"6":1,"7":1,"8":1,"9":1,"10":0,"11":0,"12":0,"13":0,"14":0,"15":0,"16":1,"17":0,"18":0,"19":1,"20":0,"21":0,"22":1,"23":0,"24":0,"25":0,"26":0,"27":0,"28":0,"29":1,"30":0,"31":0,"32":0,"33":0,"34":0,"35":0,"36":0,"37":0,"38":1,"39":0,"40":0,"41":0,"42":0,"43":0,"44":0,"45":0,"46":0,"47":1},"f":{"0":1,"1":1,"2":1,"3":0,"4":0,"5":0,"6":0,"7":0,"8":0,"9":0,"10":0,"11":0,"12":0,"13":0,"14":0,"15":0},"b":{"0":[0,0],"1":[0,0],"2":[0,0],"3":[1,0]},"_coverageSchema":"1a1c01bbd47fc00a2c39e90264f33305004495a9","hash":"fd6bcf2490a9b9890bc6ef618691cb01d012b633"}
,"/Users/ekanshsinghal/Desktop/CSC510/edu-setu-group26-proj2/code/ui/src/Components/TrackApplication/TrackApplication.jsx": {"path":"/Users/ekanshsinghal/Desktop/CSC510/edu-setu-group26-proj2/code/ui/src/Components/TrackApplication/TrackApplication.jsx","statementMap":{"0":{"start":{"line":6,"column":34},"end":{"line":25,"column":1}},"1":{"start":{"line":7,"column":1},"end":{"line":24,"column":9}},"2":{"start":{"line":28,"column":9},"end":{"line":34,"column":2}},"3":{"start":{"line":37,"column":2},"end":{"line":37,"column":28}},"4":{"start":{"line":40,"column":22},"end":{"line":49,"column":2}},"5":{"start":{"line":41,"column":26},"end":{"line":45,"column":3}},"6":{"start":{"line":46,"column":2},"end":{"line":48,"column":79}},"7":{"start":{"line":47,"column":23},"end":{"line":47,"column":38}},"8":{"start":{"line":48,"column":19},"end":{"line":48,"column":77}},"9":{"start":{"line":52,"column":26},"end":{"line":60,"column":3}},"10":{"start":{"line":61,"column":2},"end":{"line":69,"column":6}},"11":{"start":{"line":62,"column":23},"end":{"line":62,"column":38}},"12":{"start":{"line":64,"column":4},"end":{"line":68,"column":5}},"13":{"start":{"line":65,"column":5},"end":{"line":65,"column":47}},"14":{"start":{"line":67,"column":5},"end":{"line":67,"column":30}},"15":{"start":{"line":70,"column":2},"end":{"line":70,"column":28}},"16":{"start":{"line":74,"column":19},"end":{"line":80,"column":3}},"17":{"start":{"line":82,"column":18},"end":{"line":132,"column":3}},"18":{"start":{"line":99,"column":5},"end":{"line":109,"column":14}},"19":{"start":{"line":102,"column":7},"end":{"line":105,"column":10}},"20":{"start":{"line":122,"column":5},"end":{"line":122,"column":73}},"21":{"start":{"line":128,"column":5},"end":{"line":130,"column":6}},"22":{"start":{"line":129,"column":29},"end":{"line":129,"column":61}},"23":{"start":{"line":134,"column":2},"end":{"line":153,"column":4}},"24":{"start":{"line":146,"column":7},"end":{"line":148,"column":9}}},"fnMap":{"0":{"name":"(anonymous_0)","decl":{"start":{"line":6,"column":34},"end":{"line":6,"column":35}},"loc":{"start":{"line":7,"column":1},"end":{"line":24,"column":9}},"line":7},"1":{"name":"(anonymous_1)","decl":{"start":{"line":36,"column":1},"end":{"line":36,"column":2}},"loc":{"start":{"line":36,"column":21},"end":{"line":38,"column":2}},"line":36},"2":{"name":"(anonymous_2)","decl":{"start":{"line":40,"column":22},"end":{"line":40,"column":23}},"loc":{"start":{"line":40,"column":28},"end":{"line":49,"column":2}},"line":40},"3":{"name":"(anonymous_3)","decl":{"start":{"line":47,"column":9},"end":{"line":47,"column":10}},"loc":{"start":{"line":47,"column":23},"end":{"line":47,"column":38}},"line":47},"4":{"name":"(anonymous_4)","decl":{"start":{"line":48,"column":9},"end":{"line":48,"column":10}},"loc":{"start":{"line":48,"column":19},"end":{"line":48,"column":77}},"line":48},"5":{"name":"(anonymous_5)","decl":{"start":{"line":51,"column":1},"end":{"line":51,"column":2}},"loc":{"start":{"line":51,"column":40},"end":{"line":71,"column":2}},"line":51},"6":{"name":"(anonymous_6)","decl":{"start":{"line":62,"column":9},"end":{"line":62,"column":10}},"loc":{"start":{"line":62,"column":23},"end":{"line":62,"column":38}},"line":62},"7":{"name":"(anonymous_7)","decl":{"start":{"line":63,"column":9},"end":{"line":63,"column":10}},"loc":{"start":{"line":63,"column":19},"end":{"line":69,"column":4}},"line":63},"8":{"name":"(anonymous_8)","decl":{"start":{"line":73,"column":1},"end":{"line":73,"column":2}},"loc":{"start":{"line":73,"column":10},"end":{"line":154,"column":2}},"line":73},"9":{"name":"(anonymous_9)","decl":{"start":{"line":98,"column":12},"end":{"line":98,"column":13}},"loc":{"start":{"line":99,"column":5},"end":{"line":109,"column":14}},"line":99},"10":{"name":"(anonymous_10)","decl":{"start":{"line":101,"column":15},"end":{"line":101,"column":16}},"loc":{"start":{"line":101,"column":21},"end":{"line":106,"column":7}},"line":101},"11":{"name":"(anonymous_11)","decl":{"start":{"line":121,"column":12},"end":{"line":121,"column":13}},"loc":{"start":{"line":122,"column":5},"end":{"line":122,"column":73}},"line":122},"12":{"name":"(anonymous_12)","decl":{"start":{"line":127,"column":12},"end":{"line":127,"column":13}},"loc":{"start":{"line":128,"column":5},"end":{"line":130,"column":6}},"line":128},"13":{"name":"(anonymous_13)","decl":{"start":{"line":129,"column":23},"end":{"line":129,"column":24}},"loc":{"start":{"line":129,"column":29},"end":{"line":129,"column":61}},"line":129},"14":{"name":"(anonymous_14)","decl":{"start":{"line":145,"column":14},"end":{"line":145,"column":15}},"loc":{"start":{"line":146,"column":7},"end":{"line":148,"column":9}},"line":146}},"branchMap":{"0":{"loc":{"start":{"line":64,"column":4},"end":{"line":68,"column":5}},"type":"if","locations":[{"start":{"line":64,"column":4},"end":{"line":68,"column":5}},{"start":{"line":66,"column":11},"end":{"line":68,"column":5}}],"line":64},"1":{"loc":{"start":{"line":128,"column":5},"end":{"line":130,"column":6}},"type":"binary-expr","locations":[{"start":{"line":128,"column":5},"end":{"line":128,"column":34}},{"start":{"line":129,"column":6},"end":{"line":129,"column":80}}],"line":128}},"s":{"0":3,"1":1,"2":1,"3":1,"4":1,"5":1,"6":1,"7":0,"8":0,"9":0,"10":0,"11":0,"12":0,"13":0,"14":0,"15":0,"16":1,"17":1,"18":0,"19":0,"20":0,"21":0,"22":0,"23":1,"24":0},"f":{"0":1,"1":1,"2":1,"3":0,"4":0,"5":0,"6":0,"7":0,"8":1,"9":0,"10":0,"11":0,"12":0,"13":0,"14":0},"b":{"0":[0,0],"1":[0,0]},"_coverageSchema":"1a1c01bbd47fc00a2c39e90264f33305004495a9","hash":"ddc7b752e0dddbece5c9523e6f115abf9f786cd2"}
}
