TN:
SF:src/App.jsx
FN:8,App
FNF:1
FNH:1
FNDA:1,App
DA:9,1
LF:1
LH:1
BRDA:16,0,0,0
BRDA:16,0,1,1
BRDA:17,1,0,0
BRDA:17,1,1,0
BRF:4
BRH:1
end_of_record
TN:
SF:src/config.js
FNF:0
FNH:0
DA:1,9
LF:1
LH:1
BRF:0
BRH:0
end_of_record
TN:
SF:src/index.js
FNF:0
FNH:0
DA:7,0
DA:8,0
DA:17,0
LF:3
LH:0
BRF:0
BRH:0
end_of_record
TN:
SF:src/reportWebVitals.js
FN:1,(anonymous_0)
FN:3,(anonymous_1)
FNF:2
FNH:0
FNDA:0,(anonymous_0)
FNDA:0,(anonymous_1)
DA:1,0
DA:2,0
DA:3,0
DA:4,0
DA:5,0
DA:6,0
DA:7,0
DA:8,0
LF:8
LH:0
BRDA:2,0,0,0
BRDA:2,0,1,0
BRDA:2,1,0,0
BRDA:2,1,1,0
BRF:4
BRH:0
end_of_record
TN:
SF:src/Components/Home/Home.js
FN:22,(anonymous_0)
FN:24,(anonymous_1)
FN:30,(anonymous_2)
FN:43,(anonymous_3)
FNF:4
FNH:2
FNDA:0,(anonymous_0)
FNDA:0,(anonymous_1)
FNDA:1,(anonymous_2)
FNDA:1,(anonymous_3)
DA:17,2
DA:20,1
DA:22,1
DA:24,1
DA:25,0
DA:26,0
DA:27,0
DA:30,1
DA:31,1
DA:33,0
DA:35,0
DA:37,0
DA:39,1
DA:44,1
LF:14
LH:8
BRDA:31,0,0,0
BRDA:31,0,1,0
BRDA:31,0,2,0
BRDA:31,0,3,1
BRF:4
BRH:1
end_of_record
TN:
SF:src/Components/Login/Login.jsx
FN:19,(anonymous_0)
FN:21,(anonymous_1)
FN:23,(anonymous_2)
FN:34,(anonymous_3)
FN:35,(anonymous_4)
FN:45,(anonymous_5)
FN:48,(anonymous_6)
FN:59,(anonymous_7)
FN:60,(anonymous_8)
FN:75,(anonymous_9)
FN:76,(anonymous_10)
FN:90,(anonymous_11)
FN:226,(anonymous_12)
FN:227,(anonymous_13)
FN:310,(anonymous_14)
FN:319,(anonymous_15)
FNF:16
FNH:1
FNDA:0,(anonymous_0)
FNDA:0,(anonymous_1)
FNDA:0,(anonymous_2)
FNDA:0,(anonymous_3)
FNDA:0,(anonymous_4)
FNDA:0,(anonymous_5)
FNDA:0,(anonymous_6)
FNDA:0,(anonymous_7)
FNDA:0,(anonymous_8)
FNDA:0,(anonymous_9)
FNDA:0,(anonymous_10)
FNDA:2,(anonymous_11)
FNDA:0,(anonymous_12)
FNDA:0,(anonymous_13)
FNDA:0,(anonymous_14)
FNDA:0,(anonymous_15)
DA:6,2
DA:9,2
DA:16,2
DA:17,2
DA:19,2
DA:21,2
DA:23,2
DA:24,0
DA:25,0
DA:26,0
DA:34,0
DA:36,0
DA:37,0
DA:38,0
DA:40,0
DA:41,0
DA:43,0
DA:45,0
DA:48,2
DA:49,0
DA:50,0
DA:51,0
DA:59,0
DA:61,0
DA:62,0
DA:63,0
DA:64,0
DA:65,0
DA:66,0
DA:67,0
DA:69,0
DA:70,0
DA:71,0
DA:73,0
DA:75,0
DA:77,0
DA:81,0
DA:82,0
DA:83,0
DA:84,0
DA:85,0
DA:91,2
DA:226,0
DA:228,0
DA:229,0
DA:232,0
DA:311,0
DA:320,0
LF:48
LH:9
BRDA:36,0,0,0
BRDA:36,0,1,0
BRDA:61,1,0,0
BRDA:61,1,1,0
BRDA:77,2,0,0
BRDA:77,2,1,0
BRDA:78,3,0,0
BRDA:78,3,1,0
BRDA:81,4,0,0
BRDA:81,4,1,0
BRDA:83,5,0,0
BRDA:83,5,1,0
BRDA:228,6,0,0
BRDA:228,6,1,0
BRDA:228,7,0,0
BRDA:228,7,1,0
BRDA:267,8,0,2
BRDA:267,8,1,0
BRDA:269,9,0,0
BRDA:269,9,1,0
BRF:20
BRH:1
end_of_record
TN:
SF:src/Components/ProfessorDashboard/AddNewPosting.jsx
FN:7,(anonymous_0)
FN:8,(anonymous_1)
FN:14,(anonymous_2)
FN:97,(anonymous_3)
FNF:4
FNH:1
FNDA:0,(anonymous_0)
FNDA:0,(anonymous_1)
FNDA:1,(anonymous_2)
FNDA:0,(anonymous_3)
DA:4,3
DA:7,1
DA:8,0
DA:9,0
DA:10,0
DA:15,1
DA:97,0
LF:7
LH:3
BRF:0
BRH:0
end_of_record
TN:
SF:src/Components/ProfessorDashboard/Applications.jsx
FN:31,(anonymous_0)
FN:33,(anonymous_1)
FN:35,(anonymous_2)
FN:37,(anonymous_3)
FN:50,(anonymous_4)
FN:51,(anonymous_5)
FN:59,(anonymous_6)
FN:62,(anonymous_7)
FN:66,(anonymous_8)
FN:69,(anonymous_9)
FN:77,(anonymous_10)
FN:88,(anonymous_11)
FN:89,(anonymous_12)
FN:101,(anonymous_13)
FN:104,(anonymous_14)
FN:124,(anonymous_15)
FN:138,(anonymous_16)
FN:148,(anonymous_17)
FN:159,(anonymous_18)
FN:164,(anonymous_19)
FN:189,(anonymous_20)
FN:190,(anonymous_21)
FN:200,(anonymous_22)
FNF:23
FNH:3
FNDA:0,(anonymous_0)
FNDA:0,(anonymous_1)
FNDA:0,(anonymous_2)
FNDA:1,(anonymous_3)
FNDA:0,(anonymous_4)
FNDA:0,(anonymous_5)
FNDA:0,(anonymous_6)
FNDA:1,(anonymous_7)
FNDA:0,(anonymous_8)
FNDA:0,(anonymous_9)
FNDA:0,(anonymous_10)
FNDA:0,(anonymous_11)
FNDA:0,(anonymous_12)
FNDA:0,(anonymous_13)
FNDA:2,(anonymous_14)
FNDA:0,(anonymous_15)
FNDA:0,(anonymous_16)
FNDA:0,(anonymous_17)
FNDA:0,(anonymous_18)
FNDA:0,(anonymous_19)
FNDA:0,(anonymous_20)
FNDA:0,(anonymous_21)
FNDA:0,(anonymous_22)
DA:8,3
DA:17,1
DA:18,1
DA:20,1
DA:31,1
DA:33,1
DA:35,1
DA:37,1
DA:38,1
DA:39,1
DA:40,1
DA:50,0
DA:52,0
DA:53,0
DA:55,0
DA:57,0
DA:59,0
DA:63,1
DA:66,1
DA:67,0
DA:69,1
DA:70,0
DA:74,0
DA:77,1
DA:78,0
DA:79,0
DA:80,0
DA:88,0
DA:90,0
DA:91,0
DA:92,0
DA:93,0
DA:94,0
DA:96,0
DA:97,0
DA:99,0
DA:101,0
DA:105,2
DA:124,0
DA:138,0
DA:149,0
DA:160,0
DA:164,0
DA:190,0
DA:200,0
LF:45
LH:16
BRDA:52,0,0,0
BRDA:52,0,1,0
BRDA:70,1,0,0
BRDA:70,1,1,0
BRDA:90,2,0,0
BRDA:90,2,1,0
BRF:6
BRH:0
end_of_record
TN:
SF:src/Components/ProfessorDashboard/Postings.jsx
FN:30,(anonymous_0)
FN:33,(anonymous_1)
FN:39,(anonymous_2)
FN:41,(anonymous_3)
FN:43,(anonymous_4)
FN:45,(anonymous_5)
FN:47,(anonymous_6)
FN:60,(anonymous_7)
FN:61,(anonymous_8)
FN:69,(anonymous_9)
FN:72,(anonymous_10)
FN:76,(anonymous_11)
FN:87,(anonymous_12)
FN:88,(anonymous_13)
FN:99,(anonymous_14)
FN:102,(anonymous_15)
FN:113,(anonymous_16)
FN:114,(anonymous_17)
FN:125,(anonymous_18)
FN:128,(anonymous_19)
FN:130,(anonymous_20)
FN:141,(anonymous_21)
FN:142,(anonymous_22)
FN:151,(anonymous_23)
FN:154,(anonymous_24)
FN:208,(anonymous_25)
FN:215,(anonymous_26)
FN:221,(anonymous_27)
FNF:28
FNH:3
FNDA:0,(anonymous_0)
FNDA:0,(anonymous_1)
FNDA:0,(anonymous_2)
FNDA:0,(anonymous_3)
FNDA:0,(anonymous_4)
FNDA:0,(anonymous_5)
FNDA:2,(anonymous_6)
FNDA:0,(anonymous_7)
FNDA:0,(anonymous_8)
FNDA:0,(anonymous_9)
FNDA:2,(anonymous_10)
FNDA:0,(anonymous_11)
FNDA:0,(anonymous_12)
FNDA:0,(anonymous_13)
FNDA:0,(anonymous_14)
FNDA:0,(anonymous_15)
FNDA:0,(anonymous_16)
FNDA:0,(anonymous_17)
FNDA:0,(anonymous_18)
FNDA:0,(anonymous_19)
FNDA:0,(anonymous_20)
FNDA:0,(anonymous_21)
FNDA:0,(anonymous_22)
FNDA:0,(anonymous_23)
FNDA:4,(anonymous_24)
FNDA:0,(anonymous_25)
FNDA:0,(anonymous_26)
FNDA:0,(anonymous_27)
DA:16,2
DA:17,2
DA:19,2
DA:30,2
DA:31,0
DA:32,0
DA:33,0
DA:34,0
DA:36,0
DA:39,2
DA:41,2
DA:43,2
DA:45,2
DA:47,2
DA:48,2
DA:49,2
DA:50,2
DA:60,0
DA:62,0
DA:63,0
DA:65,0
DA:67,0
DA:69,0
DA:73,2
DA:76,2
DA:77,0
DA:78,0
DA:79,0
DA:87,0
DA:89,0
DA:90,0
DA:91,0
DA:92,0
DA:94,0
DA:95,0
DA:97,0
DA:99,0
DA:102,2
DA:103,0
DA:104,0
DA:105,0
DA:113,0
DA:115,0
DA:116,0
DA:117,0
DA:118,0
DA:120,0
DA:121,0
DA:123,0
DA:125,0
DA:128,2
DA:130,2
DA:131,0
DA:132,0
DA:133,0
DA:141,0
DA:143,0
DA:144,0
DA:145,0
DA:147,0
DA:149,0
DA:151,0
DA:155,4
DA:209,0
DA:215,0
DA:221,0
LF:66
LH:18
BRDA:34,0,0,0
BRDA:34,0,1,0
BRDA:39,1,0,0
BRDA:39,1,1,0
BRDA:62,2,0,0
BRDA:62,2,1,0
BRDA:89,3,0,0
BRDA:89,3,1,0
BRDA:115,4,0,0
BRDA:115,4,1,0
BRDA:143,5,0,0
BRDA:143,5,1,0
BRF:12
BRH:0
end_of_record
TN:
SF:src/Components/ProfessorDashboard/Profile.jsx
FN:38,(anonymous_0)
FN:45,(anonymous_1)
FN:46,(anonymous_2)
FN:62,(anonymous_3)
FN:65,(anonymous_4)
FN:69,(anonymous_5)
FN:72,(anonymous_6)
FN:78,(anonymous_7)
FN:79,(anonymous_8)
FN:87,(anonymous_9)
FN:88,(anonymous_10)
FN:92,(anonymous_11)
FN:99,(anonymous_12)
FN:113,(anonymous_13)
FN:130,(anonymous_14)
FN:170,(anonymous_15)
FN:176,(anonymous_16)
FN:182,(anonymous_17)
FNF:18
FNH:3
FNDA:1,(anonymous_0)
FNDA:0,(anonymous_1)
FNDA:0,(anonymous_2)
FNDA:0,(anonymous_3)
FNDA:1,(anonymous_4)
FNDA:0,(anonymous_5)
FNDA:0,(anonymous_6)
FNDA:0,(anonymous_7)
FNDA:0,(anonymous_8)
FNDA:0,(anonymous_9)
FNDA:0,(anonymous_10)
FNDA:1,(anonymous_11)
FNDA:0,(anonymous_12)
FNDA:0,(anonymous_13)
FNDA:0,(anonymous_14)
FNDA:0,(anonymous_15)
FNDA:0,(anonymous_16)
FNDA:0,(anonymous_17)
DA:6,3
DA:16,3
DA:30,1
DA:31,1
DA:38,1
DA:39,1
DA:40,1
DA:45,0
DA:47,0
DA:48,0
DA:57,0
DA:59,0
DA:62,0
DA:66,1
DA:69,1
DA:70,0
DA:71,0
DA:72,0
DA:73,0
DA:78,0
DA:80,0
DA:81,0
DA:82,0
DA:84,0
DA:87,0
DA:88,0
DA:93,1
DA:99,0
DA:113,0
DA:130,0
DA:170,0
DA:176,0
DA:182,0
LF:33
LH:10
BRDA:47,0,0,0
BRDA:47,0,1,0
BRDA:80,1,0,0
BRDA:80,1,1,0
BRDA:214,2,0,1
BRDA:214,2,1,0
BRF:6
BRH:1
end_of_record
TN:
SF:src/Components/ProfessorDashboard/Shortlisted.jsx
FN:31,(anonymous_0)
FN:33,(anonymous_1)
FN:35,(anonymous_2)
FN:37,(anonymous_3)
FN:50,(anonymous_4)
FN:51,(anonymous_5)
FN:54,(anonymous_6)
FN:55,(anonymous_7)
FN:66,(anonymous_8)
FN:69,(anonymous_9)
FN:73,(anonymous_10)
FN:76,(anonymous_11)
FN:84,(anonymous_12)
FN:95,(anonymous_13)
FN:96,(anonymous_14)
FN:108,(anonymous_15)
FN:111,(anonymous_16)
FN:131,(anonymous_17)
FN:145,(anonymous_18)
FN:155,(anonymous_19)
FN:166,(anonymous_20)
FN:171,(anonymous_21)
FN:196,(anonymous_22)
FN:197,(anonymous_23)
FN:207,(anonymous_24)
FNF:25
FNH:3
FNDA:0,(anonymous_0)
FNDA:0,(anonymous_1)
FNDA:0,(anonymous_2)
FNDA:1,(anonymous_3)
FNDA:0,(anonymous_4)
FNDA:0,(anonymous_5)
FNDA:0,(anonymous_6)
FNDA:0,(anonymous_7)
FNDA:0,(anonymous_8)
FNDA:1,(anonymous_9)
FNDA:0,(anonymous_10)
FNDA:0,(anonymous_11)
FNDA:0,(anonymous_12)
FNDA:0,(anonymous_13)
FNDA:0,(anonymous_14)
FNDA:0,(anonymous_15)
FNDA:2,(anonymous_16)
FNDA:0,(anonymous_17)
FNDA:0,(anonymous_18)
FNDA:0,(anonymous_19)
FNDA:0,(anonymous_20)
FNDA:0,(anonymous_21)
FNDA:0,(anonymous_22)
FNDA:0,(anonymous_23)
FNDA:0,(anonymous_24)
DA:8,3
DA:17,1
DA:18,1
DA:20,1
DA:31,1
DA:33,1
DA:35,1
DA:37,1
DA:38,1
DA:39,1
DA:40,1
DA:50,0
DA:52,0
DA:53,0
DA:54,0
DA:55,0
DA:56,0
DA:57,0
DA:60,0
DA:62,0
DA:64,0
DA:66,0
DA:70,1
DA:73,1
DA:74,0
DA:76,1
DA:77,0
DA:81,0
DA:84,1
DA:85,0
DA:86,0
DA:87,0
DA:95,0
DA:97,0
DA:98,0
DA:99,0
DA:100,0
DA:101,0
DA:103,0
DA:104,0
DA:106,0
DA:108,0
DA:112,2
DA:131,0
DA:145,0
DA:156,0
DA:167,0
DA:171,0
DA:197,0
DA:207,0
LF:50
LH:16
BRDA:52,0,0,0
BRDA:52,0,1,0
BRDA:56,1,0,0
BRDA:56,1,1,0
BRDA:77,2,0,0
BRDA:77,2,1,0
BRDA:97,3,0,0
BRDA:97,3,1,0
BRF:8
BRH:0
end_of_record
TN:
SF:src/Components/ProfessorDashboard/UpdateApplication.jsx
FN:7,(anonymous_0)
FN:8,(anonymous_1)
FN:14,(anonymous_2)
FNF:3
FNH:1
FNDA:0,(anonymous_0)
FNDA:0,(anonymous_1)
FNDA:1,(anonymous_2)
DA:4,3
DA:7,1
DA:8,0
DA:9,0
DA:10,0
DA:15,1
LF:6
LH:3
BRF:0
BRH:0
end_of_record
TN:
SF:src/Components/ProfessorDashboard/UpdatePosting.jsx
FN:7,(anonymous_0)
FN:8,(anonymous_1)
FN:15,(anonymous_2)
FN:102,(anonymous_3)
FNF:4
FNH:1
FNDA:0,(anonymous_0)
FNDA:0,(anonymous_1)
FNDA:1,(anonymous_2)
FNDA:0,(anonymous_3)
DA:4,3
DA:7,1
DA:8,0
DA:9,0
DA:10,0
DA:11,0
DA:16,1
DA:103,0
LF:8
LH:3
BRF:0
BRH:0
end_of_record
TN:
SF:src/Components/SavedJobs/SavedJobs.jsx
FN:7,(anonymous_0)
FN:26,SavedJobs
FN:34,(anonymous_2)
FN:44,(anonymous_3)
FN:45,(anonymous_4)
FN:52,(anonymous_5)
FN:57,(anonymous_6)
FN:65,(anonymous_7)
FN:66,(anonymous_8)
FN:74,(anonymous_9)
FN:77,(anonymous_10)
FN:99,(anonymous_11)
FN:102,(anonymous_12)
FN:110,(anonymous_13)
FN:116,(anonymous_14)
FN:126,(anonymous_15)
FN:127,(anonymous_16)
FN:138,(anonymous_17)
FN:139,(anonymous_18)
FN:145,(anonymous_19)
FN:150,(anonymous_20)
FN:190,(anonymous_21)
FN:191,(anonymous_22)
FNF:23
FNH:4
FNDA:1,(anonymous_0)
FNDA:1,SavedJobs
FNDA:1,(anonymous_2)
FNDA:0,(anonymous_3)
FNDA:0,(anonymous_4)
FNDA:1,(anonymous_5)
FNDA:0,(anonymous_6)
FNDA:0,(anonymous_7)
FNDA:0,(anonymous_8)
FNDA:0,(anonymous_9)
FNDA:0,(anonymous_10)
FNDA:0,(anonymous_11)
FNDA:0,(anonymous_12)
FNDA:0,(anonymous_13)
FNDA:0,(anonymous_14)
FNDA:0,(anonymous_15)
FNDA:0,(anonymous_16)
FNDA:0,(anonymous_17)
FNDA:0,(anonymous_18)
FNDA:0,(anonymous_19)
FNDA:0,(anonymous_20)
FNDA:0,(anonymous_21)
FNDA:0,(anonymous_22)
DA:7,3
DA:8,1
DA:27,1
DA:28,1
DA:29,1
DA:30,1
DA:31,1
DA:32,1
DA:34,1
DA:35,1
DA:44,0
DA:45,0
DA:47,0
DA:48,0
DA:49,0
DA:52,1
DA:53,1
DA:57,1
DA:58,0
DA:59,0
DA:64,0
DA:65,0
DA:67,0
DA:68,0
DA:69,0
DA:71,0
DA:74,0
DA:77,1
DA:78,0
DA:79,0
DA:80,0
DA:81,0
DA:82,0
DA:85,0
DA:88,1
DA:100,0
DA:103,0
DA:104,0
DA:110,0
DA:116,0
DA:126,0
DA:127,0
DA:138,0
DA:139,0
DA:146,0
DA:150,0
DA:166,1
DA:190,0
DA:191,0
LF:49
LH:16
BRDA:67,0,0,0
BRDA:67,0,1,0
BRDA:81,1,0,0
BRDA:81,1,1,0
BRF:4
BRH:0
end_of_record
TN:
SF:src/Components/StudentDashboard/StudentDashboard.jsx
FN:7,(anonymous_0)
FN:26,StudentDashboard
FN:34,(anonymous_2)
FN:37,(anonymous_3)
FN:38,(anonymous_4)
FN:44,(anonymous_5)
FN:45,(anonymous_6)
FN:66,(anonymous_7)
FN:71,(anonymous_8)
FN:79,(anonymous_9)
FN:80,(anonymous_10)
FN:88,(anonymous_11)
FN:91,(anonymous_12)
FN:99,(anonymous_13)
FN:100,(anonymous_14)
FN:109,(anonymous_15)
FN:131,(anonymous_16)
FN:134,(anonymous_17)
FN:142,(anonymous_18)
FN:148,(anonymous_19)
FN:158,(anonymous_20)
FN:159,(anonymous_21)
FN:170,(anonymous_22)
FN:171,(anonymous_23)
FN:177,(anonymous_24)
FN:182,(anonymous_25)
FN:186,(anonymous_26)
FN:226,(anonymous_27)
FN:227,(anonymous_28)
FNF:29
FNH:8
FNDA:2,(anonymous_0)
FNDA:3,StudentDashboard
FNDA:2,(anonymous_2)
FNDA:1,(anonymous_3)
FNDA:1,(anonymous_4)
FNDA:1,(anonymous_5)
FNDA:1,(anonymous_6)
FNDA:2,(anonymous_7)
FNDA:0,(anonymous_8)
FNDA:0,(anonymous_9)
FNDA:0,(anonymous_10)
FNDA:0,(anonymous_11)
FNDA:0,(anonymous_12)
FNDA:0,(anonymous_13)
FNDA:0,(anonymous_14)
FNDA:0,(anonymous_15)
FNDA:0,(anonymous_16)
FNDA:0,(anonymous_17)
FNDA:0,(anonymous_18)
FNDA:0,(anonymous_19)
FNDA:0,(anonymous_20)
FNDA:0,(anonymous_21)
FNDA:0,(anonymous_22)
FNDA:0,(anonymous_23)
FNDA:0,(anonymous_24)
FNDA:0,(anonymous_25)
FNDA:0,(anonymous_26)
FNDA:0,(anonymous_27)
FNDA:0,(anonymous_28)
DA:7,3
DA:8,2
DA:27,3
DA:28,3
DA:29,2
DA:30,2
DA:31,2
DA:32,2
DA:34,2
DA:35,2
DA:37,1
DA:38,1
DA:44,1
DA:45,1
DA:48,1
DA:49,1
DA:50,24
DA:51,24
DA:52,300
DA:53,24
DA:54,24
DA:57,24
DA:58,0
DA:61,1
DA:62,1
DA:63,1
DA:66,2
DA:67,2
DA:71,2
DA:72,0
DA:73,0
DA:78,0
DA:79,0
DA:81,0
DA:82,0
DA:83,0
DA:85,0
DA:88,0
DA:91,2
DA:92,0
DA:93,0
DA:98,0
DA:99,0
DA:101,0
DA:102,0
DA:104,0
DA:109,2
DA:110,0
DA:111,0
DA:112,0
DA:113,0
DA:114,0
DA:117,0
DA:120,2
DA:132,0
DA:135,0
DA:136,0
DA:142,0
DA:148,0
DA:158,0
DA:159,0
DA:170,0
DA:171,0
DA:178,0
DA:182,0
DA:186,0
DA:202,2
DA:226,0
DA:227,0
LF:69
LH:32
BRDA:52,0,0,24
BRDA:52,0,1,276
BRDA:57,1,0,0
BRDA:57,1,1,24
BRDA:81,2,0,0
BRDA:81,2,1,0
BRDA:101,3,0,0
BRDA:101,3,1,0
BRDA:113,4,0,0
BRDA:113,4,1,0
BRF:10
BRH:3
end_of_record
TN:
SF:src/Components/StudentHome/StudentHome.jsx
FN:18,Home
FN:21,(anonymous_1)
FN:27,(anonymous_2)
FN:77,(anonymous_3)
FNF:4
FNH:2
FNDA:1,Home
FNDA:0,(anonymous_1)
FNDA:1,(anonymous_2)
FNDA:0,(anonymous_3)
DA:16,2
DA:19,1
DA:21,1
DA:22,0
DA:23,0
DA:24,0
DA:27,1
DA:28,1
DA:30,0
DA:32,0
DA:34,0
DA:36,0
DA:38,1
DA:42,1
DA:77,0
LF:15
LH:7
BRDA:28,0,0,0
BRDA:28,0,1,0
BRDA:28,0,2,0
BRDA:28,0,3,0
BRDA:28,0,4,1
BRF:5
BRH:1
end_of_record
TN:
SF:src/Components/StudentProfile/StudentProfile.jsx
FN:8,StudentProfile
FN:17,(anonymous_1)
FN:19,(anonymous_2)
FN:25,(anonymous_3)
FN:26,(anonymous_4)
FN:37,(anonymous_5)
FN:38,(anonymous_6)
FN:43,(anonymous_7)
FN:44,(anonymous_8)
FN:47,(anonymous_9)
FN:53,(anonymous_10)
FN:54,(anonymous_11)
FN:63,(anonymous_12)
FN:70,(anonymous_13)
FN:80,(anonymous_14)
FN:87,(anonymous_15)
FNF:16
FNH:3
FNDA:1,StudentProfile
FNDA:1,(anonymous_1)
FNDA:1,(anonymous_2)
FNDA:0,(anonymous_3)
FNDA:0,(anonymous_4)
FNDA:0,(anonymous_5)
FNDA:0,(anonymous_6)
FNDA:0,(anonymous_7)
FNDA:0,(anonymous_8)
FNDA:0,(anonymous_9)
FNDA:0,(anonymous_10)
FNDA:0,(anonymous_11)
FNDA:0,(anonymous_12)
FNDA:0,(anonymous_13)
FNDA:0,(anonymous_14)
FNDA:0,(anonymous_15)
DA:9,1
DA:10,1
DA:11,1
DA:12,1
DA:13,1
DA:14,1
DA:17,1
DA:19,1
DA:20,1
DA:25,0
DA:27,0
DA:28,0
DA:29,0
DA:30,0
DA:31,0
DA:33,1
DA:37,0
DA:38,0
DA:39,1
DA:43,0
DA:44,0
DA:47,1
DA:48,0
DA:53,0
DA:55,0
DA:56,0
DA:57,0
DA:60,0
DA:63,1
DA:64,0
DA:65,0
DA:66,0
DA:67,0
DA:68,0
DA:71,0
DA:74,0
DA:76,0
DA:80,1
DA:81,0
DA:82,0
DA:83,0
DA:84,0
DA:85,0
DA:88,0
DA:91,0
DA:93,0
DA:97,1
LF:47
LH:15
BRDA:38,0,0,0
BRDA:38,0,1,0
BRDA:44,1,0,0
BRDA:44,1,1,0
BRDA:55,2,0,0
BRDA:55,2,1,0
BRDA:176,3,0,1
BRDA:176,3,1,0
BRF:8
BRH:1
end_of_record
TN:
SF:src/Components/TrackApplication/TrackApplication.jsx
FN:6,(anonymous_0)
FN:36,(anonymous_1)
FN:40,(anonymous_2)
FN:47,(anonymous_3)
FN:48,(anonymous_4)
FN:51,(anonymous_5)
FN:62,(anonymous_6)
FN:63,(anonymous_7)
FN:73,(anonymous_8)
FN:98,(anonymous_9)
FN:101,(anonymous_10)
FN:121,(anonymous_11)
FN:127,(anonymous_12)
FN:129,(anonymous_13)
FN:145,(anonymous_14)
FNF:15
FNH:4
FNDA:1,(anonymous_0)
FNDA:1,(anonymous_1)
FNDA:1,(anonymous_2)
FNDA:0,(anonymous_3)
FNDA:0,(anonymous_4)
FNDA:0,(anonymous_5)
FNDA:0,(anonymous_6)
FNDA:0,(anonymous_7)
FNDA:1,(anonymous_8)
FNDA:0,(anonymous_9)
FNDA:0,(anonymous_10)
FNDA:0,(anonymous_11)
FNDA:0,(anonymous_12)
FNDA:0,(anonymous_13)
FNDA:0,(anonymous_14)
DA:6,3
DA:7,1
DA:28,1
DA:37,1
DA:40,1
DA:41,1
DA:46,1
DA:47,0
DA:48,0
DA:52,0
DA:61,0
DA:62,0
DA:64,0
DA:65,0
DA:67,0
DA:70,0
DA:74,1
DA:82,1
DA:99,0
DA:102,0
DA:122,0
DA:128,0
DA:129,0
DA:134,1
DA:146,0
LF:25
LH:10
BRDA:64,0,0,0
BRDA:64,0,1,0
BRDA:128,1,0,0
BRDA:128,1,1,0
BRF:4
BRH:0
end_of_record
